::1 - - [08/Jan/2018:22:00:41 +0800] "GET / HTTP/1.1" 200 46
::1 - - [08/Jan/2018:22:00:41 +0800] "GET /favicon.ico HTTP/1.1" 404 209
::1 - - [08/Jan/2018:22:00:41 +0800] "GET /favicon.ico HTTP/1.1" 404 209
::1 - - [09/Jan/2018:10:22:46 +0800] "GET / HTTP/1.1" 200 4753
::1 - - [09/Jan/2018:10:22:47 +0800] "POST /get_users.php HTTP/1.1" 200 335
::1 - - [09/Jan/2018:10:28:40 +0800] "GET / HTTP/1.1" 304 -
::1 - - [09/Jan/2018:10:28:40 +0800] "POST /get_users.php HTTP/1.1" 200 335
::1 - - [09/Jan/2018:10:31:56 +0800] "GET / HTTP/1.1" 304 -
::1 - - [09/Jan/2018:10:31:57 +0800] "POST /get_users.php HTTP/1.1" 200 335
192.168.1.28 - - [09/Jan/2018:10:39:38 +0800] "GET / HTTP/1.1" 200 4753
::1 - - [09/Jan/2018:10:54:38 +0800] "GET /index HTTP/1.1" 404 203
::1 - - [09/Jan/2018:10:54:40 +0800] "GET /index HTTP/1.1" 404 203
::1 - - [09/Jan/2018:10:54:45 +0800] "GET / HTTP/1.1" 200 4753
::1 - - [09/Jan/2018:10:54:45 +0800] "POST /get_users.php HTTP/1.1" 200 1710
::1 - - [09/Jan/2018:10:54:58 +0800] "POST /get_users.php HTTP/1.1" 200 1710
::1 - - [09/Jan/2018:12:07:07 +0800] "GET / HTTP/1.1" 200 4753
::1 - - [09/Jan/2018:12:07:08 +0800] "POST /get_users.php HTTP/1.1" 200 1710
::1 - - [09/Jan/2018:12:15:49 +0800] "GET /paper/index.php?XDEBUG_SESSION_START=ECLIPSE_DBGP&KEY=15154713488691 HTTP/1.1" 404 213
::1 - - [09/Jan/2018:12:16:31 +0800] "GET /paper/index.php HTTP/1.1" 404 213
::1 - - [09/Jan/2018:12:16:43 +0800] "GET /paper/index.php?XDEBUG_SESSION_STOP_NO_EXEC=ECLIPSE_DBGP&KEY=15154713488691 HTTP/1.1" 404 213
::1 - - [09/Jan/2018:12:16:43 +0800] "GET /paper/index.php?XDEBUG_SESSION_STOP_NO_EXEC=ECLIPSE_DBGP&KEY=15154713488691 HTTP/1.1" 404 213
::1 - - [09/Jan/2018:12:16:54 +0800] "GET /paper/index.php HTTP/1.1" 404 213
::1 - - [09/Jan/2018:12:18:59 +0800] "GET /paper/index.php?XDEBUG_SESSION_START=ECLIPSE_DBGP&KEY=15154715397762 HTTP/1.1" 404 213
::1 - - [09/Jan/2018:12:19:20 +0800] "GET /paper/index.php?XDEBUG_SESSION_STOP_NO_EXEC=ECLIPSE_DBGP&KEY=15154715397762 HTTP/1.1" 404 213
::1 - - [09/Jan/2018:12:19:20 +0800] "GET /paper/index.php?XDEBUG_SESSION_STOP_NO_EXEC=ECLIPSE_DBGP&KEY=15154715397762 HTTP/1.1" 404 213
127.0.0.1 - - [09/Jan/2018:12:32:21 +0800] "GET / HTTP/1.1" 304 -
127.0.0.1 - - [09/Jan/2018:12:32:21 +0800] "POST /get_users.php HTTP/1.1" 200 1710
::1 - - [09/Jan/2018:12:32:37 +0800] "GET /paper/index.php HTTP/1.1" 404 213
::1 - - [09/Jan/2018:12:51:24 +0800] "GET / HTTP/1.1" 200 555
::1 - - [09/Jan/2018:12:51:28 +0800] "GET /index.php HTTP/1.1" 200 92596
::1 - - [09/Jan/2018:13:16:56 +0800] "GET / HTTP/1.1" 200 555
::1 - - [09/Jan/2018:13:17:19 +0800] "GET /index1.html HTTP/1.1" 200 4753
::1 - - [09/Jan/2018:13:17:19 +0800] "POST /get_users.php HTTP/1.1" 200 1710
127.0.0.1 - - [09/Jan/2018:13:17:55 +0800] "GET /index1.html HTTP/1.1" 304 -
127.0.0.1 - - [09/Jan/2018:13:17:55 +0800] "POST /get_users.php HTTP/1.1" 200 1710
127.0.0.1 - - [09/Jan/2018:13:18:11 +0800] "GET /index1.html HTTP/1.1" 304 -
127.0.0.1 - - [09/Jan/2018:13:18:11 +0800] "POST /get_users.php HTTP/1.1" 200 1710
127.0.0.1 - - [09/Jan/2018:13:19:09 +0800] "GET /embed.js HTTP/1.1" 404 206
127.0.0.1 - - [09/Jan/2018:13:20:42 +0800] "GET /index.php HTTP/1.1" 200 92621
127.0.0.1 - - [09/Jan/2018:13:21:06 +0800] "GET /index.php HTTP/1.1" 200 92857
127.0.0.1 - - [09/Jan/2018:13:21:17 +0800] "GET /_intellij_phpdebug_validator.php HTTP/1.1" 404 230
127.0.0.1 - - [09/Jan/2018:13:21:39 +0800] "GET /_intellij_phpdebug_validator.php HTTP/1.1" 404 230
::1 - - [09/Jan/2018:15:20:43 +0800] "GET /debugtest/index.php?XDEBUG_SESSION_START=ECLIPSE_DBGP&KEY=15154824433551 HTTP/1.1" 200 94055
::1 - - [09/Jan/2018:15:21:28 +0800] "GET /debugtest/index.php?XDEBUG_SESSION_STOP_NO_EXEC=ECLIPSE_DBGP&KEY=15154824433551 HTTP/1.1" 200 19
::1 - - [09/Jan/2018:15:21:47 +0800] "GET /debugtest/index.php?XDEBUG_SESSION_START=ECLIPSE_DBGP&KEY=15154825077072 HTTP/1.1" 200 92969
::1 - - [09/Jan/2018:15:22:13 +0800] "GET /debugtest/index.php?XDEBUG_SESSION_STOP_NO_EXEC=ECLIPSE_DBGP&KEY=15154825077072 HTTP/1.1" 200 19
::1 - - [09/Jan/2018:15:22:23 +0800] "GET /debugtest/index.php?XDEBUG_SESSION_START=ECLIPSE_DBGP&KEY=15154825428883 HTTP/1.1" 200 92980
127.0.0.1 - - [09/Jan/2018:15:23:12 +0800] "GET /debugtest/index.php?XDEBUG_SESSION_STOP_NO_EXEC=ECLIPSE_DBGP&KEY=15154825428883 HTTP/1.1" 200 19
::1 - - [09/Jan/2018:15:26:33 +0800] "GET /paper/index.php?XDEBUG_SESSION_START=ECLIPSE_DBGP&KEY=15154827927751 HTTP/1.1" 404 213
::1 - - [09/Jan/2018:15:27:12 +0800] "GET /paper/index.php?XDEBUG_SESSION_STOP_NO_EXEC=ECLIPSE_DBGP&KEY=15154827927751 HTTP/1.1" 404 213
::1 - - [09/Jan/2018:15:27:12 +0800] "GET /paper/index.php?XDEBUG_SESSION_STOP_NO_EXEC=ECLIPSE_DBGP&KEY=15154827927751 HTTP/1.1" 404 213
::1 - - [09/Jan/2018:15:28:46 +0800] "GET /paper/index.php?XDEBUG_SESSION_START=ECLIPSE_DBGP&KEY=15154829259061 HTTP/1.1" 404 213
::1 - - [09/Jan/2018:15:28:57 +0800] "GET /index.php?XDEBUG_SESSION_START=ECLIPSE_DBGP&KEY=15154829259061 HTTP/1.1" 200 93244
::1 - - [09/Jan/2018:15:29:39 +0800] "GET /paper/index.php?XDEBUG_SESSION_STOP_NO_EXEC=ECLIPSE_DBGP&KEY=15154829259061 HTTP/1.1" 404 213
::1 - - [09/Jan/2018:15:30:43 +0800] "GET /index.php?XDEBUG_SESSION_START=ECLIPSE_DBGP&KEY=15154830433562 HTTP/1.1" 200 93243
::1 - - [09/Jan/2018:15:31:24 +0800] "GET /index.php HTTP/1.1" 200 92509
127.0.0.1 - - [09/Jan/2018:15:32:15 +0800] "GET /index.php?XDEBUG_SESSION_STOP_NO_EXEC=ECLIPSE_DBGP&KEY=15154830433562 HTTP/1.1" 200 19
::1 - - [09/Jan/2018:15:36:53 +0800] "GET /paper/index.php?XDEBUG_SESSION_START=ECLIPSE_DBGP&KEY=15154834138132 HTTP/1.1" 200 93292
::1 - - [09/Jan/2018:15:37:13 +0800] "GET /paper/index.php?XDEBUG_SESSION_STOP_NO_EXEC=ECLIPSE_DBGP&KEY=15154834138132 HTTP/1.1" 200 19
::1 - - [09/Jan/2018:15:38:12 +0800] "GET /paper/get_users.php?XDEBUG_SESSION_START=ECLIPSE_DBGP&KEY=15154834927293 HTTP/1.1" 200 1740
::1 - - [09/Jan/2018:15:39:06 +0800] "GET /paper/get_users.php?XDEBUG_SESSION_STOP_NO_EXEC=ECLIPSE_DBGP&KEY=15154834927293 HTTP/1.1" 200 19
::1 - - [09/Jan/2018:15:39:14 +0800] "GET /paper/index.php?XDEBUG_SESSION_START=ECLIPSE_DBGP&KEY=15154835544084 HTTP/1.1" 200 4753
::1 - - [09/Jan/2018:15:39:20 +0800] "POST /paper/get_users.php HTTP/1.1" 200 1740
::1 - - [09/Jan/2018:15:39:51 +0800] "GET /paper/index.php?XDEBUG_SESSION_START=ECLIPSE_DBGP&KEY=15154835544084 HTTP/1.1" 200 4753
::1 - - [09/Jan/2018:15:39:53 +0800] "POST /paper/get_users.php HTTP/1.1" 200 1741
::1 - - [09/Jan/2018:15:44:09 +0800] "GET /paper/index.php?XDEBUG_SESSION_START=ECLIPSE_DBGP&KEY=15154838490571 HTTP/1.1" 200 4753
::1 - - [09/Jan/2018:15:44:09 +0800] "POST /paper/get_users.php HTTP/1.1" 200 1740
::1 - - [09/Jan/2018:16:24:54 +0800] "GET /?XDEBUG_SESSION_START=15928 HTTP/1.1" 200 639
127.0.0.1 - - [09/Jan/2018:16:25:13 +0800] "GET /?XDEBUG_SESSION_START=18616 HTTP/1.1" 200 639
127.0.0.1 - - [09/Jan/2018:16:25:22 +0800] "GET /?XDEBUG_SESSION_START=11464 HTTP/1.1" 200 639
127.0.0.1 - - [09/Jan/2018:16:25:24 +0800] "POST /get_users.php HTTP/1.1" 200 1710
127.0.0.1 - - [09/Jan/2018:16:28:05 +0800] "GET /?XDEBUG_SESSION_START=12917 HTTP/1.1" 200 639
127.0.0.1 - - [09/Jan/2018:16:28:08 +0800] "GET /get_users.php HTTP/1.1" 200 1710
::1 - - [09/Jan/2018:16:31:26 +0800] "GET /index1.php?XDEBUG_SESSION_START=18590 HTTP/1.1" 404 208
::1 - - [09/Jan/2018:16:31:26 +0800] "GET /favicon.ico HTTP/1.1" 404 209
::1 - - [09/Jan/2018:16:31:42 +0800] "GET / HTTP/1.1" 200 677
::1 - - [09/Jan/2018:16:31:55 +0800] "GET /index.php?XDEBUG_SESSION_START=19288 HTTP/1.1" 200 92150
::1 - - [09/Jan/2018:16:36:06 +0800] "GET / HTTP/1.1" 200 46
::1 - - [09/Jan/2018:16:48:43 +0800] "GET /paper/index.php?XDEBUG_SESSION_START=ECLIPSE_DBGP&KEY=15154877230351 HTTP/1.1" 200 4753
::1 - - [09/Jan/2018:16:48:43 +0800] "POST /paper/get_users.php HTTP/1.1" 200 1879
::1 - - [09/Jan/2018:16:50:53 +0800] "GET /paper/index.php?XDEBUG_SESSION_START=ECLIPSE_DBGP&KEY=15154877230351 HTTP/1.1" 200 4753
::1 - - [09/Jan/2018:16:50:55 +0800] "POST /paper/get_users.php HTTP/1.1" 200 2379
::1 - - [09/Jan/2018:16:52:49 +0800] "GET /paper/index.php?XDEBUG_SESSION_START=ECLIPSE_DBGP&KEY=15154877230351 HTTP/1.1" 200 4753
::1 - - [09/Jan/2018:16:52:50 +0800] "POST /paper/get_users.php HTTP/1.1" 200 -
::1 - - [09/Jan/2018:16:54:32 +0800] "GET /paper/index.php?XDEBUG_SESSION_STOP_NO_EXEC=ECLIPSE_DBGP&KEY=15154877230351 HTTP/1.1" 200 19
::1 - - [09/Jan/2018:16:56:13 +0800] "GET /paper/index.php?XDEBUG_SESSION_START=ECLIPSE_DBGP&KEY=15154881730892 HTTP/1.1" 200 4753
::1 - - [09/Jan/2018:16:56:13 +0800] "POST /paper/get_users.php HTTP/1.1" 200 2063
::1 - - [09/Jan/2018:16:56:50 +0800] "GET /paper/index.php?XDEBUG_SESSION_START=ECLIPSE_DBGP&KEY=15154881730892 HTTP/1.1" 200 4753
::1 - - [09/Jan/2018:16:56:51 +0800] "POST /paper/get_users.php HTTP/1.1" 200 2063
::1 - - [09/Jan/2018:16:58:00 +0800] "GET /paper/index.php?XDEBUG_SESSION_START=ECLIPSE_DBGP&KEY=15154881730892 HTTP/1.1" 200 4753
::1 - - [09/Jan/2018:16:58:01 +0800] "POST /paper/get_users.php HTTP/1.1" 200 -
::1 - - [09/Jan/2018:16:58:33 +0800] "GET /paper/index.php?XDEBUG_SESSION_START=ECLIPSE_DBGP&KEY=15154881730892 HTTP/1.1" 200 4753
::1 - - [09/Jan/2018:16:58:34 +0800] "POST /paper/get_users.php HTTP/1.1" 200 1050
::1 - - [09/Jan/2018:17:01:55 +0800] "POST /paper/update_user.php?id=3 HTTP/1.1" 200 16
::1 - - [09/Jan/2018:17:01:55 +0800] "POST /paper/get_users.php HTTP/1.1" 200 1050
::1 - - [09/Jan/2018:17:01:58 +0800] "POST /paper/get_users.php HTTP/1.1" 200 1050
::1 - - [09/Jan/2018:17:01:58 +0800] "POST /paper/get_users.php HTTP/1.1" 200 1050
::1 - - [09/Jan/2018:17:02:08 +0800] "POST /paper/remove_user.php HTTP/1.1" 200 16
::1 - - [09/Jan/2018:17:02:08 +0800] "POST /paper/get_users.php HTTP/1.1" 200 947
::1 - - [09/Jan/2018:17:02:46 +0800] "POST /paper/save_user.php HTTP/1.1" 200 16
::1 - - [09/Jan/2018:17:02:46 +0800] "POST /paper/get_users.php HTTP/1.1" 200 1051
::1 - - [09/Jan/2018:17:02:48 +0800] "POST /paper/get_users.php HTTP/1.1" 200 1051
::1 - - [09/Jan/2018:17:14:31 +0800] "GET /paper/index.php?XDEBUG_SESSION_STOP_NO_EXEC=ECLIPSE_DBGP&KEY=15154881730892 HTTP/1.1" 200 19
::1 - - [09/Jan/2018:17:14:43 +0800] "GET /paper/index.php?XDEBUG_SESSION_START=ECLIPSE_DBGP&KEY=15154892839063 HTTP/1.1" 200 4707
::1 - - [09/Jan/2018:17:14:44 +0800] "GET /paper/js/lib/jquery-easyui-1.3.2/themes/default/easyui.css HTTP/1.1" 200 44396
::1 - - [09/Jan/2018:17:14:44 +0800] "GET /paper/js/lib/jquery-easyui-1.3.2/themes/icon.css HTTP/1.1" 200 1650
::1 - - [09/Jan/2018:17:14:44 +0800] "GET /paper/js/lib/jquery-easyui-1.3.2/demo/demo.css HTTP/1.1" 200 387
::1 - - [09/Jan/2018:17:14:44 +0800] "GET /paper/js/lib/jquery-easyui-1.3.2/jquery-1.8.0.min.js HTTP/1.1" 200 92556
::1 - - [09/Jan/2018:17:14:44 +0800] "GET /paper/js/lib/jquery-easyui-1.3.2/jquery.easyui.min.js HTTP/1.1" 200 296791
::1 - - [09/Jan/2018:17:14:44 +0800] "GET /paper/js/lib/jquery-easyui-1.3.2/themes/icons/tip.png HTTP/1.1" 200 743
::1 - - [09/Jan/2018:17:14:44 +0800] "GET /paper/js/lib/jquery-easyui-1.3.2/themes/default/images/linkbutton_bg.png HTTP/1.1" 200 1274
::1 - - [09/Jan/2018:17:14:44 +0800] "GET /paper/js/lib/jquery-easyui-1.3.2/themes/icons/edit_add.png HTTP/1.1" 200 1088
::1 - - [09/Jan/2018:17:14:44 +0800] "GET /paper/js/lib/jquery-easyui-1.3.2/themes/default/images/linkbutton_bg.png HTTP/1.1" 200 1274
::1 - - [09/Jan/2018:17:14:44 +0800] "GET /paper/js/lib/jquery-easyui-1.3.2/themes/icons/pencil.png HTTP/1.1" 200 713
::1 - - [09/Jan/2018:17:14:44 +0800] "GET /paper/js/lib/jquery-easyui-1.3.2/themes/default/images/linkbutton_bg.png HTTP/1.1" 200 1274
::1 - - [09/Jan/2018:17:14:44 +0800] "GET /paper/js/lib/jquery-easyui-1.3.2/themes/icons/edit_remove.png HTTP/1.1" 200 625
::1 - - [09/Jan/2018:17:14:44 +0800] "GET /paper/js/lib/jquery-easyui-1.3.2/themes/default/images/linkbutton_bg.png HTTP/1.1" 200 1274
::1 - - [09/Jan/2018:17:14:44 +0800] "GET /paper/js/lib/jquery-easyui-1.3.2/themes/icons/ok.png HTTP/1.1" 200 883
::1 - - [09/Jan/2018:17:14:44 +0800] "GET /paper/js/lib/jquery-easyui-1.3.2/themes/icons/cancel.png HTTP/1.1" 200 1133
::1 - - [09/Jan/2018:17:14:44 +0800] "GET /paper/js/lib/jquery-easyui-1.3.2/themes/default/images/blank.gif HTTP/1.1" 200 43
::1 - - [09/Jan/2018:17:14:44 +0800] "GET /paper/js/lib/jquery-easyui-1.3.2/themes/default/images/pagination_icons.png HTTP/1.1" 200 651
::1 - - [09/Jan/2018:17:14:44 +0800] "GET /paper/js/lib/jquery-easyui-1.3.2/themes/default/images/loading.gif HTTP/1.1" 200 1737
::1 - - [09/Jan/2018:17:14:44 +0800] "GET /paper/js/lib/jquery-easyui-1.3.2/themes/default/images/panel_tools.png HTTP/1.1" 200 852
::1 - - [09/Jan/2018:17:14:44 +0800] "POST /paper/get_users.php HTTP/1.1" 200 1051
::1 - - [09/Jan/2018:17:15:59 +0800] "GET /paper HTTP/1.1" 301 231
::1 - - [09/Jan/2018:17:15:59 +0800] "GET /paper/ HTTP/1.1" 200 986
::1 - - [09/Jan/2018:17:15:59 +0800] "GET /favicon.ico HTTP/1.1" 404 209
::1 - - [09/Jan/2018:17:16:06 +0800] "GET /paper/index.php HTTP/1.1" 200 4707
::1 - - [09/Jan/2018:17:16:06 +0800] "GET /paper/js/lib/jquery-easyui-1.3.2/themes/icon.css HTTP/1.1" 200 1650
::1 - - [09/Jan/2018:17:16:06 +0800] "GET /paper/js/lib/jquery-easyui-1.3.2/demo/demo.css HTTP/1.1" 200 387
::1 - - [09/Jan/2018:17:16:06 +0800] "GET /paper/js/lib/jquery-easyui-1.3.2/themes/default/easyui.css HTTP/1.1" 200 44396
::1 - - [09/Jan/2018:17:16:06 +0800] "GET /paper/js/lib/jquery-easyui-1.3.2/jquery-1.8.0.min.js HTTP/1.1" 200 92556
::1 - - [09/Jan/2018:17:16:06 +0800] "GET /paper/js/lib/jquery-easyui-1.3.2/jquery.easyui.min.js HTTP/1.1" 200 296791
::1 - - [09/Jan/2018:17:16:06 +0800] "GET /paper/js/lib/jquery-easyui-1.3.2/themes/icons/tip.png HTTP/1.1" 200 743
::1 - - [09/Jan/2018:17:16:06 +0800] "GET /paper/js/lib/jquery-easyui-1.3.2/themes/default/images/linkbutton_bg.png HTTP/1.1" 200 1274
::1 - - [09/Jan/2018:17:16:06 +0800] "GET /paper/js/lib/jquery-easyui-1.3.2/themes/icons/cancel.png HTTP/1.1" 200 1133
::1 - - [09/Jan/2018:17:16:06 +0800] "GET /paper/js/lib/jquery-easyui-1.3.2/themes/icons/edit_remove.png HTTP/1.1" 200 625
::1 - - [09/Jan/2018:17:16:06 +0800] "GET /paper/js/lib/jquery-easyui-1.3.2/themes/icons/ok.png HTTP/1.1" 200 883
::1 - - [09/Jan/2018:17:16:06 +0800] "GET /paper/js/lib/jquery-easyui-1.3.2/themes/icons/pencil.png HTTP/1.1" 200 713
::1 - - [09/Jan/2018:17:16:06 +0800] "GET /paper/js/lib/jquery-easyui-1.3.2/themes/icons/edit_add.png HTTP/1.1" 200 1088
::1 - - [09/Jan/2018:17:16:06 +0800] "GET /paper/js/lib/jquery-easyui-1.3.2/themes/default/images/blank.gif HTTP/1.1" 200 43
::1 - - [09/Jan/2018:17:16:06 +0800] "GET /paper/js/lib/jquery-easyui-1.3.2/themes/default/images/pagination_icons.png HTTP/1.1" 200 651
::1 - - [09/Jan/2018:17:16:06 +0800] "GET /paper/js/lib/jquery-easyui-1.3.2/themes/default/images/loading.gif HTTP/1.1" 200 1737
::1 - - [09/Jan/2018:17:16:06 +0800] "GET /paper/js/lib/jquery-easyui-1.3.2/themes/default/images/panel_tools.png HTTP/1.1" 200 852
::1 - - [09/Jan/2018:17:16:06 +0800] "POST /paper/get_users.php HTTP/1.1" 200 1051
::1 - - [09/Jan/2018:18:04:25 +0800] "GET /paper/login.php?XDEBUG_SESSION_START=ECLIPSE_DBGP&KEY=15154892839063 HTTP/1.1" 200 1330
::1 - - [09/Jan/2018:18:05:27 +0800] "GET /paper/login.php HTTP/1.1" 200 1330
::1 - - [09/Jan/2018:18:05:27 +0800] "GET /paper/js/lib/jquery-easyui-1.3.2/themes/default/easyui.css HTTP/1.1" 304 -
::1 - - [09/Jan/2018:18:05:27 +0800] "GET /paper/js/lib/jquery-easyui-1.3.2/themes/icon.css HTTP/1.1" 304 -
::1 - - [09/Jan/2018:18:05:27 +0800] "GET /paper/js/lib/jquery-easyui-1.3.2/jquery-1.8.0.min.js HTTP/1.1" 304 -
::1 - - [09/Jan/2018:18:05:27 +0800] "GET /paper/js/lib/jquery-easyui-1.3.2/jquery.easyui.min.js HTTP/1.1" 304 -
::1 - - [09/Jan/2018:18:05:27 +0800] "GET /paper/js/lib/jquery-easyui-1.3.2/themes/default/images/blank.gif HTTP/1.1" 304 -
::1 - - [09/Jan/2018:18:05:27 +0800] "GET /paper/js/lib/jquery-easyui-1.3.2/themes/default/images/panel_tools.png HTTP/1.1" 304 -
::1 - - [09/Jan/2018:18:05:27 +0800] "GET /paper/js/lib/jquery-easyui-1.3.2/themes/default/images/linkbutton_bg.png HTTP/1.1" 304 -
::1 - - [09/Jan/2018:18:05:27 +0800] "GET /paper/js/lib/jquery-easyui-1.3.2/themes/icons/ok.png HTTP/1.1" 304 -
::1 - - [09/Jan/2018:18:05:27 +0800] "GET /paper/js/lib/jquery-easyui-1.3.2/themes/icons/cancel.png HTTP/1.1" 304 -
::1 - - [09/Jan/2018:18:05:27 +0800] "GET /favicon.ico HTTP/1.1" 404 209
::1 - - [09/Jan/2018:18:06:39 +0800] "GET /paper/login.php?XDEBUG_SESSION_START=ECLIPSE_DBGP&KEY=15154892839063 HTTP/1.1" 200 1233
::1 - - [09/Jan/2018:18:06:39 +0800] "GET /paper/js/lib/jquery-easyui-1.3.2/themes/default/easyui.css HTTP/1.1" 304 -
::1 - - [09/Jan/2018:18:06:39 +0800] "GET /paper/js/lib/jquery-easyui-1.3.2/themes/icon.css HTTP/1.1" 304 -
::1 - - [09/Jan/2018:18:06:39 +0800] "GET /paper/js/lib/jquery-easyui-1.3.2/jquery-1.8.0.min.js HTTP/1.1" 304 -
::1 - - [09/Jan/2018:18:06:39 +0800] "GET /paper/js/lib/jquery-easyui-1.3.2/jquery.easyui.min.js HTTP/1.1" 304 -
::1 - - [09/Jan/2018:18:06:39 +0800] "GET /paper/js/lib/jquery-easyui-1.3.2/themes/default/images/linkbutton_bg.png HTTP/1.1" 304 -
::1 - - [09/Jan/2018:18:06:39 +0800] "GET /paper/js/lib/jquery-easyui-1.3.2/themes/icons/ok.png HTTP/1.1" 304 -
::1 - - [09/Jan/2018:18:06:39 +0800] "GET /paper/js/lib/jquery-easyui-1.3.2/themes/icons/cancel.png HTTP/1.1" 304 -
::1 - - [09/Jan/2018:18:06:39 +0800] "GET /paper/js/lib/jquery-easyui-1.3.2/themes/default/images/panel_tools.png HTTP/1.1" 304 -
::1 - - [09/Jan/2018:18:06:39 +0800] "GET /paper/js/lib/jquery-easyui-1.3.2/themes/default/images/blank.gif HTTP/1.1" 304 -
::1 - - [09/Jan/2018:18:12:48 +0800] "GET /paper/login.php HTTP/1.1" 200 1359
::1 - - [09/Jan/2018:18:12:48 +0800] "GET /paper/js/lib/jquery-easyui-1.3.2/themes/default/easyui.css HTTP/1.1" 304 -
::1 - - [09/Jan/2018:18:12:48 +0800] "GET /paper/js/lib/jquery-easyui-1.3.2/themes/icon.css HTTP/1.1" 304 -
::1 - - [09/Jan/2018:18:12:48 +0800] "GET /paper/js/lib/jquery-easyui-1.3.2/jquery.easyui.min.js HTTP/1.1" 304 -
::1 - - [09/Jan/2018:18:12:48 +0800] "GET /paper/js/lib/jquery-easyui-1.3.2/jquery-1.8.0.min.js HTTP/1.1" 304 -
::1 - - [09/Jan/2018:18:12:48 +0800] "GET /paper/js/lib/jquery-easyui-1.3.2/themes/default/images/blank.gif HTTP/1.1" 304 -
::1 - - [09/Jan/2018:18:12:48 +0800] "GET /paper/js/lib/jquery-easyui-1.3.2/themes/default/images/panel_tools.png HTTP/1.1" 304 -
::1 - - [09/Jan/2018:18:12:48 +0800] "GET /paper/js/lib/jquery-easyui-1.3.2/themes/default/images/linkbutton_bg.png HTTP/1.1" 304 -
::1 - - [09/Jan/2018:18:12:48 +0800] "GET /paper/js/lib/jquery-easyui-1.3.2/themes/icons/ok.png HTTP/1.1" 304 -
::1 - - [09/Jan/2018:18:12:48 +0800] "GET /paper/js/lib/jquery-easyui-1.3.2/themes/icons/cancel.png HTTP/1.1" 304 -
::1 - - [09/Jan/2018:18:13:37 +0800] "GET /paper/login.php HTTP/1.1" 200 1359
::1 - - [09/Jan/2018:18:13:38 +0800] "GET /paper/login.php HTTP/1.1" 200 1359
::1 - - [09/Jan/2018:18:13:39 +0800] "GET /paper/login.php HTTP/1.1" 200 1359
::1 - - [09/Jan/2018:18:14:05 +0800] "GET /paper/login.php HTTP/1.1" 200 1363
127.0.0.1 - - [09/Jan/2018:18:27:33 +0800] "GET /cpro/r4pn7/cw1.js HTTP/1.1" 404 215
127.0.0.1 - - [09/Jan/2018:18:55:17 +0800] "GET /cpro/r4pn7/cw1.js HTTP/1.1" 404 215
127.0.0.1 - - [09/Jan/2018:18:57:03 +0800] "GET /cpro/r4pn7/cw1.js HTTP/1.1" 404 215
127.0.0.1 - - [09/Jan/2018:18:57:03 +0800] "GET /cpro/r4pn7/cw1.js HTTP/1.1" 404 215
::1 - - [09/Jan/2018:19:03:14 +0800] "GET /paper/login.php HTTP/1.1" 200 1389
::1 - - [09/Jan/2018:19:03:14 +0800] "GET /paper/js/lib/jquery-easyui-1.3.2/themes/default/easyui.css HTTP/1.1" 304 -
::1 - - [09/Jan/2018:19:03:14 +0800] "GET /paper/js/lib/jquery-easyui-1.3.2/themes/icon.css HTTP/1.1" 304 -
::1 - - [09/Jan/2018:19:03:14 +0800] "GET /paper/js/lib/jquery-easyui-1.3.2/jquery-1.8.0.min.js HTTP/1.1" 304 -
::1 - - [09/Jan/2018:19:03:14 +0800] "GET /paper/js/lib/jquery-easyui-1.3.2/jquery.easyui.min.js HTTP/1.1" 304 -
::1 - - [09/Jan/2018:19:03:14 +0800] "GET /paper/js/lib/jquery-easyui-1.3.2/themes/default/images/blank.gif HTTP/1.1" 304 -
::1 - - [09/Jan/2018:19:03:14 +0800] "GET /paper/js/lib/jquery-easyui-1.3.2/themes/default/images/panel_tools.png HTTP/1.1" 304 -
::1 - - [09/Jan/2018:19:03:14 +0800] "GET /paper/js/lib/jquery-easyui-1.3.2/themes/default/images/linkbutton_bg.png HTTP/1.1" 304 -
::1 - - [09/Jan/2018:19:03:14 +0800] "GET /paper/js/lib/jquery-easyui-1.3.2/themes/icons/ok.png HTTP/1.1" 304 -
::1 - - [09/Jan/2018:19:03:14 +0800] "GET /paper/js/lib/jquery-easyui-1.3.2/themes/icons/cancel.png HTTP/1.1" 304 -
::1 - - [09/Jan/2018:19:03:15 +0800] "GET /paper/login.php HTTP/1.1" 200 1389
::1 - - [09/Jan/2018:19:03:29 +0800] "GET /paper/sing_in.php HTTP/1.1" 404 215
::1 - - [09/Jan/2018:19:03:43 +0800] "GET /paper/sing_in.php HTTP/1.1" 404 215
::1 - - [09/Jan/2018:19:04:25 +0800] "GET /paper/sing_in.php HTTP/1.1" 404 215
::1 - - [09/Jan/2018:19:04:26 +0800] "GET /paper/sing_in.php HTTP/1.1" 404 215
::1 - - [09/Jan/2018:19:04:28 +0800] "GET /paper/login.php HTTP/1.1" 200 1389
::1 - - [09/Jan/2018:19:04:29 +0800] "GET /paper/login.php HTTP/1.1" 200 1389
::1 - - [09/Jan/2018:19:04:29 +0800] "GET /paper/login.php HTTP/1.1" 200 1389
::1 - - [09/Jan/2018:19:04:29 +0800] "GET /paper/login.php HTTP/1.1" 200 1389
::1 - - [09/Jan/2018:19:04:30 +0800] "GET /paper/login.php HTTP/1.1" 200 1389
::1 - - [09/Jan/2018:19:04:32 +0800] "GET /paper/sing_in.php HTTP/1.1" 404 215
::1 - - [09/Jan/2018:19:04:55 +0800] "GET /paper/index.php?XDEBUG_SESSION_STOP_NO_EXEC=ECLIPSE_DBGP&KEY=15154892839063 HTTP/1.1" 200 19
::1 - - [09/Jan/2018:19:05:24 +0800] "GET /paper/sign_in.php?XDEBUG_SESSION_START=ECLIPSE_DBGP&KEY=15154959245324 HTTP/1.1" 200 2020
::1 - - [09/Jan/2018:19:05:36 +0800] "GET /paper/sing_in.php HTTP/1.1" 404 215
::1 - - [09/Jan/2018:19:06:09 +0800] "GET /paper/login.php?XDEBUG_SESSION_START=ECLIPSE_DBGP&KEY=15154959245324 HTTP/1.1" 200 1389
::1 - - [09/Jan/2018:19:06:19 +0800] "GET /paper/sing_in.php HTTP/1.1" 404 215
::1 - - [09/Jan/2018:19:08:23 +0800] "GET /paper/sign_up.php HTTP/1.1" 200 2037
::1 - - [09/Jan/2018:19:08:54 +0800] "GET /paper/sign_up.php HTTP/1.1" 200 2037
::1 - - [09/Jan/2018:19:12:10 +0800] "GET /paper/sign_in.php?XDEBUG_SESSION_STOP_NO_EXEC=ECLIPSE_DBGP&KEY=15154959245324 HTTP/1.1" 200 19
::1 - - [09/Jan/2018:19:12:23 +0800] "GET /paper/login.php?XDEBUG_SESSION_START=ECLIPSE_DBGP&KEY=15154963437285 HTTP/1.1" 200 1389
::1 - - [09/Jan/2018:19:12:26 +0800] "GET /paper/sing_in.php HTTP/1.1" 404 215
127.0.0.1 - - [09/Jan/2018:19:14:45 +0800] "GET /cpro/r4pn7/cw1.js HTTP/1.1" 404 215
::1 - - [09/Jan/2018:19:25:01 +0800] "GET /paper/sing_in.php HTTP/1.1" 404 215
::1 - - [09/Jan/2018:19:25:07 +0800] "GET /paper/sing_in.php HTTP/1.1" 404 215
::1 - - [09/Jan/2018:19:25:33 +0800] "GET /login.php HTTP/1.1" 404 207
::1 - - [09/Jan/2018:19:25:33 +0800] "GET /favicon.ico HTTP/1.1" 404 209
::1 - - [09/Jan/2018:19:25:40 +0800] "GET /paper/login.php HTTP/1.1" 200 1849
::1 - - [09/Jan/2018:19:25:40 +0800] "GET /paper/js/lib/jquery-easyui-1.3.2/themes/icon.css HTTP/1.1" 304 -
::1 - - [09/Jan/2018:19:25:40 +0800] "GET /paper/js/lib/jquery-easyui-1.3.2/themes/default/easyui.css HTTP/1.1" 304 -
::1 - - [09/Jan/2018:19:25:40 +0800] "GET /paper/js/lib/jquery-easyui-1.3.2/jquery-1.8.0.min.js HTTP/1.1" 304 -
::1 - - [09/Jan/2018:19:25:40 +0800] "GET /paper/js/lib/jquery-easyui-1.3.2/jquery.easyui.min.js HTTP/1.1" 304 -
::1 - - [09/Jan/2018:19:25:40 +0800] "GET /paper/js/lib/jquery-easyui-1.3.2/themes/default/images/blank.gif HTTP/1.1" 304 -
::1 - - [09/Jan/2018:19:25:40 +0800] "GET /paper/js/lib/jquery-easyui-1.3.2/themes/default/images/panel_tools.png HTTP/1.1" 304 -
::1 - - [09/Jan/2018:19:25:40 +0800] "GET /paper/js/lib/jquery-easyui-1.3.2/themes/default/images/linkbutton_bg.png HTTP/1.1" 304 -
::1 - - [09/Jan/2018:19:25:40 +0800] "GET /paper/js/lib/jquery-easyui-1.3.2/themes/icons/ok.png HTTP/1.1" 304 -
::1 - - [09/Jan/2018:19:25:40 +0800] "GET /paper/js/lib/jquery-easyui-1.3.2/themes/icons/cancel.png HTTP/1.1" 304 -
::1 - - [09/Jan/2018:19:25:49 +0800] "POST /paper/sign_in.php HTTP/1.1" 200 2037
::1 - - [09/Jan/2018:19:25:52 +0800] "POST /paper/sign_in.php HTTP/1.1" 200 2037
::1 - - [09/Jan/2018:19:25:55 +0800] "POST /paper/sign_in.php HTTP/1.1" 200 2037
::1 - - [09/Jan/2018:19:27:01 +0800] "POST /paper/sign_in.php HTTP/1.1" 200 2037
::1 - - [09/Jan/2018:19:28:41 +0800] "POST /paper/sign_in.php HTTP/1.1" 200 2037
::1 - - [09/Jan/2018:19:28:42 +0800] "GET /paper/login.php HTTP/1.1" 200 1849
::1 - - [09/Jan/2018:19:30:43 +0800] "POST /paper/sign_in.php HTTP/1.1" 200 2037
::1 - - [09/Jan/2018:19:32:36 +0800] "GET /paper/login.php HTTP/1.1" 200 1855
::1 - - [09/Jan/2018:19:33:01 +0800] "POST /paper/sign_in.php HTTP/1.1" 200 17
::1 - - [09/Jan/2018:19:33:17 +0800] "POST /paper/sign_in.php HTTP/1.1" 200 17
::1 - - [09/Jan/2018:19:33:44 +0800] "POST /paper/sign_in.php HTTP/1.1" 200 17
::1 - - [09/Jan/2018:19:33:55 +0800] "GET /paper/login.php?XDEBUG_SESSION_STOP_NO_EXEC=ECLIPSE_DBGP&KEY=15154963437285 HTTP/1.1" 200 19
::1 - - [09/Jan/2018:19:34:01 +0800] "GET /paper/login.php?XDEBUG_SESSION_START=ECLIPSE_DBGP&KEY=15154976418166 HTTP/1.1" 200 1855
::1 - - [09/Jan/2018:19:34:04 +0800] "POST /paper/sign_in.php HTTP/1.1" 200 -
::1 - - [09/Jan/2018:19:34:34 +0800] "POST /paper/sign_in.php HTTP/1.1" 200 -
::1 - - [09/Jan/2018:19:35:11 +0800] "POST /paper/sign_in.php HTTP/1.1" 200 -
::1 - - [09/Jan/2018:19:38:04 +0800] "POST /paper/sign_in.php HTTP/1.1" 200 17
::1 - - [09/Jan/2018:19:39:39 +0800] "POST /paper/sign_in.php HTTP/1.1" 200 -
::1 - - [09/Jan/2018:19:39:48 +0800] "POST /paper/sign_in.php HTTP/1.1" 200 68
::1 - - [09/Jan/2018:19:39:54 +0800] "GET /paper/login.php HTTP/1.1" 200 1855
::1 - - [09/Jan/2018:19:39:54 +0800] "GET /paper/js/lib/jquery-easyui-1.3.2/themes/default/easyui.css HTTP/1.1" 304 -
::1 - - [09/Jan/2018:19:39:54 +0800] "GET /paper/js/lib/jquery-easyui-1.3.2/themes/icon.css HTTP/1.1" 304 -
::1 - - [09/Jan/2018:19:39:54 +0800] "GET /paper/js/lib/jquery-easyui-1.3.2/jquery-1.8.0.min.js HTTP/1.1" 304 -
::1 - - [09/Jan/2018:19:39:54 +0800] "GET /paper/js/lib/jquery-easyui-1.3.2/jquery.easyui.min.js HTTP/1.1" 304 -
::1 - - [09/Jan/2018:19:39:54 +0800] "GET /paper/js/lib/jquery-easyui-1.3.2/themes/default/images/blank.gif HTTP/1.1" 304 -
::1 - - [09/Jan/2018:19:39:54 +0800] "GET /paper/js/lib/jquery-easyui-1.3.2/themes/default/images/panel_tools.png HTTP/1.1" 304 -
::1 - - [09/Jan/2018:19:39:54 +0800] "GET /paper/js/lib/jquery-easyui-1.3.2/themes/default/images/linkbutton_bg.png HTTP/1.1" 304 -
::1 - - [09/Jan/2018:19:39:54 +0800] "GET /paper/js/lib/jquery-easyui-1.3.2/themes/icons/ok.png HTTP/1.1" 304 -
::1 - - [09/Jan/2018:19:39:54 +0800] "GET /paper/js/lib/jquery-easyui-1.3.2/themes/icons/cancel.png HTTP/1.1" 304 -
::1 - - [09/Jan/2018:19:39:55 +0800] "POST /paper/sign_in.php HTTP/1.1" 200 68
::1 - - [09/Jan/2018:19:42:10 +0800] "POST /paper/sign_in.php HTTP/1.1" 200 68
127.0.0.1 - - [09/Jan/2018:19:46:47 +0800] "GET /paper/login.php?XDEBUG_SESSION_STOP_NO_EXEC=ECLIPSE_DBGP&KEY=15154976418166 HTTP/1.1" 200 19
::1 - - [09/Jan/2018:21:04:29 +0800] "GET /paper/login.php HTTP/1.1" 200 3490
::1 - - [09/Jan/2018:21:04:30 +0800] "GET /paper/js/lib/jquery-easyui-1.3.2/themes/default/easyui.css HTTP/1.1" 304 -
::1 - - [09/Jan/2018:21:04:30 +0800] "GET /paper/js/lib/jquery-easyui-1.3.2/jquery.easyui.min.js HTTP/1.1" 304 -
::1 - - [09/Jan/2018:21:04:30 +0800] "GET /paper/js/lib/jquery-easyui-1.3.2/jquery-1.8.0.min.js HTTP/1.1" 304 -
::1 - - [09/Jan/2018:21:04:30 +0800] "GET /paper/js/lib/jquery-easyui-1.3.2/themes/icon.css HTTP/1.1" 304 -
::1 - - [09/Jan/2018:21:04:30 +0800] "GET /paper/js/lib/jquery-easyui-1.3.2/themes/default/images/linkbutton_bg.png HTTP/1.1" 304 -
::1 - - [09/Jan/2018:21:04:30 +0800] "GET /paper/js/lib/jquery-easyui-1.3.2/themes/default/images/blank.gif HTTP/1.1" 304 -
::1 - - [09/Jan/2018:21:04:30 +0800] "GET /paper/js/lib/jquery-easyui-1.3.2/themes/icons/cancel.png HTTP/1.1" 304 -
::1 - - [09/Jan/2018:21:04:30 +0800] "GET /paper/js/lib/jquery-easyui-1.3.2/themes/default/images/panel_tools.png HTTP/1.1" 304 -
::1 - - [09/Jan/2018:21:04:30 +0800] "GET /paper/js/lib/jquery-easyui-1.3.2/themes/icons/ok.png HTTP/1.1" 304 -
::1 - - [09/Jan/2018:21:04:30 +0800] "GET /favicon.ico HTTP/1.1" 404 209
::1 - - [09/Jan/2018:21:04:39 +0800] "POST /paper/sign_in.php HTTP/1.1" 200 68
::1 - - [09/Jan/2018:21:07:35 +0800] "POST /paper/sign_in.php HTTP/1.1" 200 16
::1 - - [09/Jan/2018:21:07:35 +0800] "GET /paper/index.php HTTP/1.1" 200 4556
::1 - - [09/Jan/2018:21:07:35 +0800] "GET /paper/js/lib/jquery-easyui-1.3.2/demo/demo.css HTTP/1.1" 304 -
::1 - - [09/Jan/2018:21:07:35 +0800] "GET /paper/js/lib/jquery-easyui-1.3.2/themes/icons/tip.png HTTP/1.1" 304 -
::1 - - [09/Jan/2018:21:07:35 +0800] "GET /paper/js/lib/jquery-easyui-1.3.2/themes/icons/edit_remove.png HTTP/1.1" 304 -
::1 - - [09/Jan/2018:21:07:35 +0800] "GET /paper/js/lib/jquery-easyui-1.3.2/themes/icons/edit_add.png HTTP/1.1" 304 -
::1 - - [09/Jan/2018:21:07:35 +0800] "GET /paper/js/lib/jquery-easyui-1.3.2/themes/icons/pencil.png HTTP/1.1" 304 -
::1 - - [09/Jan/2018:21:07:35 +0800] "GET /paper/js/lib/jquery-easyui-1.3.2/themes/default/images/pagination_icons.png HTTP/1.1" 304 -
::1 - - [09/Jan/2018:21:07:35 +0800] "POST /paper/get_users.php HTTP/1.1" 200 1530
::1 - - [09/Jan/2018:21:07:35 +0800] "GET /paper/js/lib/jquery-easyui-1.3.2/themes/default/images/loading.gif HTTP/1.1" 304 -
127.0.0.1 - - [09/Jan/2018:21:08:23 +0800] "GET /cpro/r4pn7/cw1.js HTTP/1.1" 404 215
127.0.0.1 - - [09/Jan/2018:21:08:23 +0800] "GET /cpro/r4pn7/cw1.js HTTP/1.1" 404 215
127.0.0.1 - - [09/Jan/2018:21:08:23 +0800] "GET /cpro/r4pn7/cw1.js HTTP/1.1" 404 215
::1 - - [09/Jan/2018:21:11:11 +0800] "POST /paper/sign_in.php HTTP/1.1" 200 68
::1 - - [09/Jan/2018:21:12:09 +0800] "POST /paper/sign_in.php HTTP/1.1" 200 68
::1 - - [09/Jan/2018:21:16:08 +0800] "POST /paper/sign_in.php HTTP/1.1" 200 68
::1 - - [09/Jan/2018:21:16:25 +0800] "POST /paper/sign_in.php HTTP/1.1" 200 430
::1 - - [09/Jan/2018:21:17:22 +0800] "GET /paper/sign_up.php?XDEBUG_SESSION_START=ECLIPSE_DBGP&KEY=15155038421211 HTTP/1.1" 200 2071
::1 - - [09/Jan/2018:21:17:22 +0800] "GET /paper/login.php HTTP/1.1" 200 3490
::1 - - [09/Jan/2018:21:17:22 +0800] "GET /paper/js/lib/jquery-easyui-1.3.2/themes/default/easyui.css HTTP/1.1" 304 -
::1 - - [09/Jan/2018:21:17:22 +0800] "GET /paper/js/lib/jquery-easyui-1.3.2/jquery-1.8.0.min.js HTTP/1.1" 304 -
::1 - - [09/Jan/2018:21:17:22 +0800] "GET /paper/js/lib/jquery-easyui-1.3.2/jquery.easyui.min.js HTTP/1.1" 304 -
::1 - - [09/Jan/2018:21:17:22 +0800] "GET /paper/js/lib/jquery-easyui-1.3.2/themes/icon.css HTTP/1.1" 304 -
::1 - - [09/Jan/2018:21:17:22 +0800] "GET /paper/js/lib/jquery-easyui-1.3.2/themes/default/images/linkbutton_bg.png HTTP/1.1" 304 -
::1 - - [09/Jan/2018:21:17:22 +0800] "GET /paper/js/lib/jquery-easyui-1.3.2/themes/icons/ok.png HTTP/1.1" 304 -
::1 - - [09/Jan/2018:21:17:22 +0800] "GET /paper/js/lib/jquery-easyui-1.3.2/themes/icons/cancel.png HTTP/1.1" 304 -
::1 - - [09/Jan/2018:21:17:22 +0800] "GET /paper/js/lib/jquery-easyui-1.3.2/themes/default/images/panel_tools.png HTTP/1.1" 304 -
::1 - - [09/Jan/2018:21:17:22 +0800] "GET /paper/js/lib/jquery-easyui-1.3.2/themes/default/images/blank.gif HTTP/1.1" 304 -
::1 - - [09/Jan/2018:21:17:26 +0800] "POST /paper/sign_in.php HTTP/1.1" 200 1097
::1 - - [09/Jan/2018:21:17:58 +0800] "POST /paper/sign_in.php HTTP/1.1" 200 68
::1 - - [09/Jan/2018:21:18:04 +0800] "GET /paper/sign_up.php?XDEBUG_SESSION_STOP_NO_EXEC=ECLIPSE_DBGP&KEY=15155038421211 HTTP/1.1" 200 19
::1 - - [10/Jan/2018:12:23:01 +0800] "GET /paper/login.php?XDEBUG_SESSION_START=ECLIPSE_DBGP&KEY=15155581806251 HTTP/1.1" 200 3540
::1 - - [10/Jan/2018:12:23:01 +0800] "GET /paper/js/lib/jquery-easyui-1.3.2/themes/icon.css HTTP/1.1" 304 -
::1 - - [10/Jan/2018:12:23:01 +0800] "GET /paper/js/lib/jquery-easyui-1.3.2/jquery-1.8.0.min.js HTTP/1.1" 304 -
::1 - - [10/Jan/2018:12:23:01 +0800] "GET /paper/js/lib/jquery-easyui-1.3.2/themes/default/easyui.css HTTP/1.1" 304 -
::1 - - [10/Jan/2018:12:23:01 +0800] "GET /paper/js/lib/jquery-easyui-1.3.2/jquery.easyui.min.js HTTP/1.1" 304 -
::1 - - [10/Jan/2018:12:23:02 +0800] "GET /paper/js/lib/jquery-easyui-1.3.2/themes/default/images/linkbutton_bg.png HTTP/1.1" 304 -
::1 - - [10/Jan/2018:12:23:02 +0800] "GET /paper/js/lib/jquery-easyui-1.3.2/themes/icons/ok.png HTTP/1.1" 304 -
::1 - - [10/Jan/2018:12:23:02 +0800] "GET /paper/js/lib/jquery-easyui-1.3.2/themes/icons/cancel.png HTTP/1.1" 304 -
::1 - - [10/Jan/2018:12:23:02 +0800] "GET /paper/js/lib/jquery-easyui-1.3.2/themes/default/images/panel_tools.png HTTP/1.1" 304 -
::1 - - [10/Jan/2018:12:23:02 +0800] "GET /paper/js/lib/jquery-easyui-1.3.2/themes/default/images/blank.gif HTTP/1.1" 304 -
::1 - - [10/Jan/2018:12:25:35 +0800] "GET /paper/login.php?XDEBUG_SESSION_START=ECLIPSE_DBGP&KEY=15155581806251 HTTP/1.1" 200 3537
::1 - - [10/Jan/2018:12:25:35 +0800] "GET /paper/js/lib/jquery-easyui-1.3.2/themes/default/easyui.css HTTP/1.1" 304 -
::1 - - [10/Jan/2018:12:25:35 +0800] "GET /paper/js/lib/jquery-easyui-1.3.2/themes/icon.css HTTP/1.1" 304 -
::1 - - [10/Jan/2018:12:25:35 +0800] "GET /paper/js/lib/jquery-easyui-1.3.2/jquery-1.8.0.min.js HTTP/1.1" 304 -
::1 - - [10/Jan/2018:12:25:35 +0800] "GET /paper/js/lib/jquery-easyui-1.3.2/jquery.easyui.min.js HTTP/1.1" 304 -
::1 - - [10/Jan/2018:12:25:35 +0800] "GET /paper/js/lib/jquery-easyui-1.3.2/themes/default/images/linkbutton_bg.png HTTP/1.1" 304 -
::1 - - [10/Jan/2018:12:25:35 +0800] "GET /paper/js/lib/jquery-easyui-1.3.2/themes/icons/ok.png HTTP/1.1" 304 -
::1 - - [10/Jan/2018:12:25:35 +0800] "GET /paper/js/lib/jquery-easyui-1.3.2/themes/icons/edit_add.png HTTP/1.1" 304 -
::1 - - [10/Jan/2018:12:25:35 +0800] "GET /paper/js/lib/jquery-easyui-1.3.2/themes/icons/cancel.png HTTP/1.1" 304 -
::1 - - [10/Jan/2018:12:25:35 +0800] "GET /paper/js/lib/jquery-easyui-1.3.2/themes/default/images/panel_tools.png HTTP/1.1" 304 -
::1 - - [10/Jan/2018:12:25:35 +0800] "GET /paper/js/lib/jquery-easyui-1.3.2/themes/default/images/blank.gif HTTP/1.1" 304 -
::1 - - [10/Jan/2018:12:25:36 +0800] "GET /paper/login.php?XDEBUG_SESSION_START=ECLIPSE_DBGP&KEY=15155581806251 HTTP/1.1" 200 3537
::1 - - [10/Jan/2018:12:25:36 +0800] "GET /paper/js/lib/jquery-easyui-1.3.2/themes/default/easyui.css HTTP/1.1" 304 -
::1 - - [10/Jan/2018:12:25:36 +0800] "GET /paper/js/lib/jquery-easyui-1.3.2/themes/icon.css HTTP/1.1" 304 -
::1 - - [10/Jan/2018:12:25:36 +0800] "GET /paper/js/lib/jquery-easyui-1.3.2/jquery-1.8.0.min.js HTTP/1.1" 304 -
::1 - - [10/Jan/2018:12:25:36 +0800] "GET /paper/js/lib/jquery-easyui-1.3.2/jquery.easyui.min.js HTTP/1.1" 304 -
::1 - - [10/Jan/2018:12:25:36 +0800] "GET /paper/js/lib/jquery-easyui-1.3.2/themes/default/images/linkbutton_bg.png HTTP/1.1" 304 -
::1 - - [10/Jan/2018:12:25:36 +0800] "GET /paper/js/lib/jquery-easyui-1.3.2/themes/icons/ok.png HTTP/1.1" 304 -
::1 - - [10/Jan/2018:12:25:36 +0800] "GET /paper/js/lib/jquery-easyui-1.3.2/themes/icons/edit_add.png HTTP/1.1" 304 -
::1 - - [10/Jan/2018:12:25:36 +0800] "GET /paper/js/lib/jquery-easyui-1.3.2/themes/icons/cancel.png HTTP/1.1" 304 -
::1 - - [10/Jan/2018:12:25:36 +0800] "GET /paper/js/lib/jquery-easyui-1.3.2/themes/default/images/panel_tools.png HTTP/1.1" 304 -
::1 - - [10/Jan/2018:12:25:36 +0800] "GET /paper/js/lib/jquery-easyui-1.3.2/themes/default/images/blank.gif HTTP/1.1" 304 -
::1 - - [10/Jan/2018:12:25:45 +0800] "POST /paper/sign_in.php HTTP/1.1" 200 68
::1 - - [10/Jan/2018:12:25:48 +0800] "POST /paper/sign_in.php HTTP/1.1" 200 68
::1 - - [10/Jan/2018:12:25:51 +0800] "POST /paper/sign_in.php HTTP/1.1" 200 68
::1 - - [10/Jan/2018:12:25:52 +0800] "POST /paper/sign_in.php HTTP/1.1" 200 68
::1 - - [10/Jan/2018:12:26:45 +0800] "GET /paper/ HTTP/1.1" 200 1178
::1 - - [10/Jan/2018:12:26:45 +0800] "GET /favicon.ico HTTP/1.1" 404 209
::1 - - [10/Jan/2018:12:26:48 +0800] "GET /paper/login.php HTTP/1.1" 200 3537
::1 - - [10/Jan/2018:12:26:48 +0800] "GET /paper/js/lib/jquery-easyui-1.3.2/themes/icon.css HTTP/1.1" 304 -
::1 - - [10/Jan/2018:12:26:48 +0800] "GET /paper/js/lib/jquery-easyui-1.3.2/themes/default/easyui.css HTTP/1.1" 304 -
::1 - - [10/Jan/2018:12:26:48 +0800] "GET /paper/js/lib/jquery-easyui-1.3.2/jquery-1.8.0.min.js HTTP/1.1" 304 -
::1 - - [10/Jan/2018:12:26:48 +0800] "GET /paper/js/lib/jquery-easyui-1.3.2/jquery.easyui.min.js HTTP/1.1" 304 -
::1 - - [10/Jan/2018:12:26:49 +0800] "GET /paper/js/lib/jquery-easyui-1.3.2/themes/default/images/linkbutton_bg.png HTTP/1.1" 304 -
::1 - - [10/Jan/2018:12:26:49 +0800] "GET /paper/js/lib/jquery-easyui-1.3.2/themes/default/images/blank.gif HTTP/1.1" 304 -
::1 - - [10/Jan/2018:12:26:49 +0800] "GET /paper/js/lib/jquery-easyui-1.3.2/themes/default/images/panel_tools.png HTTP/1.1" 304 -
::1 - - [10/Jan/2018:12:26:49 +0800] "GET /paper/js/lib/jquery-easyui-1.3.2/themes/icons/edit_add.png HTTP/1.1" 304 -
::1 - - [10/Jan/2018:12:26:49 +0800] "GET /paper/js/lib/jquery-easyui-1.3.2/themes/icons/cancel.png HTTP/1.1" 304 -
::1 - - [10/Jan/2018:12:26:49 +0800] "GET /paper/js/lib/jquery-easyui-1.3.2/themes/icons/ok.png HTTP/1.1" 304 -
::1 - - [10/Jan/2018:12:28:35 +0800] "GET /paper/login.php HTTP/1.1" 200 3510
::1 - - [10/Jan/2018:12:28:37 +0800] "GET /paper/login.php HTTP/1.1" 200 3510
::1 - - [10/Jan/2018:12:29:15 +0800] "GET /paper/login.php HTTP/1.1" 200 3510
::1 - - [10/Jan/2018:12:30:57 +0800] "GET /paper/login.php HTTP/1.1" 200 3557
::1 - - [10/Jan/2018:12:30:58 +0800] "GET /paper/login.php HTTP/1.1" 200 3557
::1 - - [10/Jan/2018:12:31:01 +0800] "GET /paper/js/lib/jquery-easyui-1.3.2/themes/default/images/validatebox_warning.png HTTP/1.1" 200 921
::1 - - [10/Jan/2018:12:31:01 +0800] "GET /paper/js/lib/jquery-easyui-1.3.2/themes/default/images/validatebox_arrows.png HTTP/1.1" 200 166
::1 - - [10/Jan/2018:14:08:37 +0800] "GET /paper/login.php HTTP/1.1" 200 4111
::1 - - [10/Jan/2018:14:08:37 +0800] "GET /paper/js/lib/jquery-easyui-1.3.2/themes/default/images/combo_arrow.png HTTP/1.1" 200 117
::1 - - [10/Jan/2018:14:09:12 +0800] "GET /paper/login.php HTTP/1.1" 200 4091
::1 - - [10/Jan/2018:14:13:21 +0800] "GET /paper/login.php HTTP/1.1" 200 4427
::1 - - [10/Jan/2018:14:16:48 +0800] "GET /paper/login.php HTTP/1.1" 200 4528
::1 - - [10/Jan/2018:14:16:48 +0800] "GET /paper/login.php HTTP/1.1" 200 4528
::1 - - [10/Jan/2018:14:17:04 +0800] "GET /paper/login.php HTTP/1.1" 200 4528
::1 - - [10/Jan/2018:14:18:59 +0800] "GET /paper/login.php HTTP/1.1" 200 4528
::1 - - [10/Jan/2018:14:19:22 +0800] "GET /paper/login.php HTTP/1.1" 200 4531
::1 - - [10/Jan/2018:14:19:23 +0800] "GET /paper/login.php HTTP/1.1" 200 4531
::1 - - [10/Jan/2018:14:19:58 +0800] "GET /paper/login.php HTTP/1.1" 200 4528
::1 - - [10/Jan/2018:14:20:43 +0800] "GET /paper/login.php HTTP/1.1" 200 4523
::1 - - [10/Jan/2018:14:20:44 +0800] "GET /paper/login.php HTTP/1.1" 200 4523
::1 - - [10/Jan/2018:14:22:25 +0800] "GET /paper/login.php HTTP/1.1" 200 4523
::1 - - [10/Jan/2018:14:22:25 +0800] "GET /paper/js/lib/jquery-easyui-1.3.2/themes/default/easyui.css HTTP/1.1" 304 -
::1 - - [10/Jan/2018:14:22:25 +0800] "GET /paper/js/lib/jquery-easyui-1.3.2/themes/icon.css HTTP/1.1" 304 -
::1 - - [10/Jan/2018:14:22:25 +0800] "GET /paper/js/lib/jquery-easyui-1.3.2/jquery.easyui.min.js HTTP/1.1" 304 -
::1 - - [10/Jan/2018:14:22:25 +0800] "GET /paper/js/lib/jquery-easyui-1.3.2/jquery-1.8.0.min.js HTTP/1.1" 304 -
::1 - - [10/Jan/2018:14:31:58 +0800] "GET /paper/login.php HTTP/1.1" 200 4542
::1 - - [10/Jan/2018:14:32:38 +0800] "POST /paper/sign_up.php HTTP/1.1" 200 16
::1 - - [10/Jan/2018:14:33:29 +0800] "GET /paper/login.php HTTP/1.1" 200 4632
::1 - - [10/Jan/2018:14:33:38 +0800] "POST /paper/sign_up.php HTTP/1.1" 200 16
::1 - - [10/Jan/2018:14:35:05 +0800] "POST /paper/sign_in.php HTTP/1.1" 200 1103
::1 - - [10/Jan/2018:14:35:24 +0800] "POST /paper/sign_in.php HTTP/1.1" 200 1103
::1 - - [10/Jan/2018:14:35:44 +0800] "POST /paper/sign_in.php HTTP/1.1" 200 1103
::1 - - [10/Jan/2018:14:37:32 +0800] "GET /paper/sign_in.php?XDEBUG_SESSION_START=ECLIPSE_DBGP&KEY=15155662520351 HTTP/1.1" 200 1008
::1 - - [10/Jan/2018:14:39:07 +0800] "GET /paper/ HTTP/1.1" 200 1126
::1 - - [10/Jan/2018:14:39:08 +0800] "GET /favicon.ico HTTP/1.1" 404 209
::1 - - [10/Jan/2018:14:39:13 +0800] "GET /paper/login.php HTTP/1.1" 200 4632
::1 - - [10/Jan/2018:14:39:13 +0800] "GET /paper/js/lib/jquery-easyui-1.3.2/themes/icons/cancel.png HTTP/1.1" 304 -
::1 - - [10/Jan/2018:14:39:13 +0800] "GET /paper/js/lib/jquery-easyui-1.3.2/themes/default/images/linkbutton_bg.png HTTP/1.1" 304 -
::1 - - [10/Jan/2018:14:39:13 +0800] "GET /paper/js/lib/jquery-easyui-1.3.2/themes/icons/ok.png HTTP/1.1" 304 -
::1 - - [10/Jan/2018:14:39:13 +0800] "GET /paper/js/lib/jquery-easyui-1.3.2/themes/icons/edit_add.png HTTP/1.1" 304 -
::1 - - [10/Jan/2018:14:39:13 +0800] "GET /paper/js/lib/jquery-easyui-1.3.2/themes/default/images/blank.gif HTTP/1.1" 304 -
::1 - - [10/Jan/2018:14:39:13 +0800] "GET /paper/js/lib/jquery-easyui-1.3.2/themes/default/images/panel_tools.png HTTP/1.1" 304 -
::1 - - [10/Jan/2018:14:39:17 +0800] "POST /paper/sign_in.php HTTP/1.1" 200 1103
::1 - - [10/Jan/2018:14:39:27 +0800] "GET /paper/sign_in.php?XDEBUG_SESSION_STOP_NO_EXEC=ECLIPSE_DBGP&KEY=15155662520351 HTTP/1.1" 200 19
::1 - - [10/Jan/2018:14:39:34 +0800] "GET /paper/sign_in.php?XDEBUG_SESSION_START=ECLIPSE_DBGP&KEY=15155663748112 HTTP/1.1" 200 3123
::1 - - [10/Jan/2018:14:41:28 +0800] "GET /paper/login.php?XDEBUG_SESSION_START=ECLIPSE_DBGP&KEY=15155663748112 HTTP/1.1" 200 4632
::1 - - [10/Jan/2018:14:41:29 +0800] "GET /paper/js/lib/jquery-easyui-1.3.2/themes/default/easyui.css HTTP/1.1" 304 -
::1 - - [10/Jan/2018:14:41:29 +0800] "GET /paper/js/lib/jquery-easyui-1.3.2/jquery-1.8.0.min.js HTTP/1.1" 304 -
::1 - - [10/Jan/2018:14:41:29 +0800] "GET /paper/js/lib/jquery-easyui-1.3.2/themes/icon.css HTTP/1.1" 304 -
::1 - - [10/Jan/2018:14:41:29 +0800] "GET /paper/js/lib/jquery-easyui-1.3.2/jquery.easyui.min.js HTTP/1.1" 304 -
::1 - - [10/Jan/2018:14:41:29 +0800] "GET /paper/js/lib/jquery-easyui-1.3.2/themes/default/images/linkbutton_bg.png HTTP/1.1" 304 -
::1 - - [10/Jan/2018:14:41:29 +0800] "GET /paper/js/lib/jquery-easyui-1.3.2/themes/icons/ok.png HTTP/1.1" 304 -
::1 - - [10/Jan/2018:14:41:29 +0800] "GET /paper/js/lib/jquery-easyui-1.3.2/themes/icons/edit_add.png HTTP/1.1" 304 -
::1 - - [10/Jan/2018:14:41:29 +0800] "GET /paper/js/lib/jquery-easyui-1.3.2/themes/icons/cancel.png HTTP/1.1" 304 -
::1 - - [10/Jan/2018:14:41:29 +0800] "GET /paper/js/lib/jquery-easyui-1.3.2/themes/default/images/combo_arrow.png HTTP/1.1" 200 117
::1 - - [10/Jan/2018:14:41:29 +0800] "GET /paper/js/lib/jquery-easyui-1.3.2/themes/default/images/panel_tools.png HTTP/1.1" 304 -
::1 - - [10/Jan/2018:14:41:29 +0800] "GET /paper/js/lib/jquery-easyui-1.3.2/themes/default/images/blank.gif HTTP/1.1" 304 -
::1 - - [10/Jan/2018:14:41:33 +0800] "POST /paper/sign_in.php HTTP/1.1" 200 68
::1 - - [10/Jan/2018:14:41:56 +0800] "POST /paper/sign_in.php HTTP/1.1" 200 1103
::1 - - [10/Jan/2018:14:42:10 +0800] "POST /paper/sign_in.php HTTP/1.1" 200 1103
::1 - - [10/Jan/2018:14:42:16 +0800] "GET /paper/js/lib/jquery-easyui-1.3.2/themes/default/images/validatebox_warning.png HTTP/1.1" 200 921
::1 - - [10/Jan/2018:14:42:16 +0800] "GET /paper/js/lib/jquery-easyui-1.3.2/themes/default/images/validatebox_arrows.png HTTP/1.1" 200 166
::1 - - [10/Jan/2018:14:42:20 +0800] "POST /paper/sign_up.php HTTP/1.1" 200 16
::1 - - [10/Jan/2018:14:42:22 +0800] "POST /paper/sign_in.php HTTP/1.1" 200 1103
::1 - - [10/Jan/2018:14:42:31 +0800] "POST /paper/sign_in.php HTTP/1.1" 200 -
::1 - - [10/Jan/2018:14:42:43 +0800] "POST /paper/sign_in.php HTTP/1.1" 200 -
::1 - - [10/Jan/2018:14:43:53 +0800] "POST /paper/sign_in.php HTTP/1.1" 200 1079
::1 - - [10/Jan/2018:14:43:55 +0800] "POST /paper/sign_in.php HTTP/1.1" 200 1079
::1 - - [10/Jan/2018:14:44:13 +0800] "POST /paper/sign_in.php HTTP/1.1" 200 1028
::1 - - [10/Jan/2018:14:44:37 +0800] "GET /paper/login.php HTTP/1.1" 200 4632
::1 - - [10/Jan/2018:14:44:40 +0800] "POST /paper/sign_in.php HTTP/1.1" 200 1028
::1 - - [10/Jan/2018:14:44:49 +0800] "POST /paper/sign_in.php HTTP/1.1" 200 1028
::1 - - [10/Jan/2018:14:44:51 +0800] "POST /paper/sign_in.php HTTP/1.1" 200 1028
::1 - - [10/Jan/2018:14:45:15 +0800] "POST /paper/sign_in.php HTTP/1.1" 200 1028
::1 - - [10/Jan/2018:14:45:44 +0800] "GET /paper/index.php HTTP/1.1" 200 4556
::1 - - [10/Jan/2018:14:45:44 +0800] "GET /paper/js/lib/jquery-easyui-1.3.2/demo/demo.css HTTP/1.1" 304 -
::1 - - [10/Jan/2018:14:45:44 +0800] "GET /paper/js/lib/jquery-easyui-1.3.2/themes/icons/tip.png HTTP/1.1" 304 -
::1 - - [10/Jan/2018:14:45:44 +0800] "GET /paper/js/lib/jquery-easyui-1.3.2/themes/icons/edit_remove.png HTTP/1.1" 304 -
::1 - - [10/Jan/2018:14:45:44 +0800] "GET /paper/js/lib/jquery-easyui-1.3.2/themes/icons/pencil.png HTTP/1.1" 304 -
::1 - - [10/Jan/2018:14:45:44 +0800] "GET /paper/js/lib/jquery-easyui-1.3.2/themes/default/images/pagination_icons.png HTTP/1.1" 304 -
::1 - - [10/Jan/2018:14:45:44 +0800] "GET /paper/js/lib/jquery-easyui-1.3.2/themes/default/images/loading.gif HTTP/1.1" 304 -
::1 - - [10/Jan/2018:14:45:44 +0800] "POST /paper/get_users.php HTTP/1.1" 200 1680
::1 - - [10/Jan/2018:14:45:56 +0800] "POST /paper/sign_in.php HTTP/1.1" 200 1028
::1 - - [10/Jan/2018:14:45:58 +0800] "POST /paper/sign_in.php HTTP/1.1" 200 1028
::1 - - [10/Jan/2018:14:46:57 +0800] "POST /paper/sign_in.php HTTP/1.1" 200 1028
::1 - - [10/Jan/2018:14:47:03 +0800] "POST /paper/sign_in.php HTTP/1.1" 200 1028
::1 - - [10/Jan/2018:14:47:06 +0800] "POST /paper/sign_in.php HTTP/1.1" 200 1028
::1 - - [10/Jan/2018:14:47:28 +0800] "POST /paper/sign_in.php HTTP/1.1" 200 1028
::1 - - [10/Jan/2018:14:47:35 +0800] "POST /paper/sign_in.php HTTP/1.1" 200 1028
::1 - - [10/Jan/2018:14:47:47 +0800] "GET /paper/login.php HTTP/1.1" 200 4632
::1 - - [10/Jan/2018:14:47:47 +0800] "GET /paper/login.php HTTP/1.1" 200 4632
::1 - - [10/Jan/2018:14:47:52 +0800] "POST /paper/sign_in.php HTTP/1.1" 200 1028
::1 - - [10/Jan/2018:14:47:53 +0800] "POST /paper/sign_in.php HTTP/1.1" 200 1028
::1 - - [10/Jan/2018:14:47:55 +0800] "POST /paper/sign_in.php HTTP/1.1" 200 1028
::1 - - [10/Jan/2018:14:48:02 +0800] "GET /paper/ HTTP/1.1" 200 1126
::1 - - [10/Jan/2018:14:48:02 +0800] "GET /favicon.ico HTTP/1.1" 404 209
::1 - - [10/Jan/2018:14:48:12 +0800] "GET /paper/login.php HTTP/1.1" 200 4632
::1 - - [10/Jan/2018:14:48:16 +0800] "POST /paper/sign_in.php HTTP/1.1" 200 1028
::1 - - [10/Jan/2018:14:48:21 +0800] "POST /paper/sign_in.php HTTP/1.1" 200 1028
::1 - - [10/Jan/2018:14:48:22 +0800] "GET /paper/login.php HTTP/1.1" 200 4632
::1 - - [10/Jan/2018:14:48:32 +0800] "POST /paper/sign_in.php HTTP/1.1" 200 68
::1 - - [10/Jan/2018:14:48:41 +0800] "GET /paper/login.php HTTP/1.1" 200 4632
::1 - - [10/Jan/2018:14:51:47 +0800] "GET /paper/js/lib/jquery-easyui-1.3.2/themes/default/images/validatebox_warning.png HTTP/1.1" 304 -
::1 - - [10/Jan/2018:14:51:47 +0800] "GET /paper/js/lib/jquery-easyui-1.3.2/themes/default/images/validatebox_arrows.png HTTP/1.1" 304 -
::1 - - [10/Jan/2018:14:51:55 +0800] "POST /paper/sign_up.php HTTP/1.1" 200 40
::1 - - [10/Jan/2018:14:52:14 +0800] "POST /paper/sign_up.php HTTP/1.1" 200 -
::1 - - [10/Jan/2018:14:52:58 +0800] "POST /paper/sign_up.php HTTP/1.1" 200 16
::1 - - [10/Jan/2018:14:53:02 +0800] "POST /paper/sign_in.php HTTP/1.1" 200 1028
::1 - - [10/Jan/2018:14:53:12 +0800] "POST /paper/sign_in.php HTTP/1.1" 200 -
::1 - - [10/Jan/2018:14:53:20 +0800] "POST /paper/sign_in.php HTTP/1.1" 200 1028
::1 - - [10/Jan/2018:14:53:47 +0800] "POST /paper/sign_in.php HTTP/1.1" 200 1028
::1 - - [10/Jan/2018:14:53:59 +0800] "POST /paper/sign_in.php HTTP/1.1" 200 1028
::1 - - [10/Jan/2018:14:55:25 +0800] "POST /paper/sign_in.php HTTP/1.1" 200 1028
::1 - - [10/Jan/2018:14:55:26 +0800] "POST /paper/sign_in.php HTTP/1.1" 200 1028
::1 - - [10/Jan/2018:14:55:26 +0800] "POST /paper/sign_in.php HTTP/1.1" 200 1028
::1 - - [10/Jan/2018:14:55:28 +0800] "GET /paper/sign_in.php?XDEBUG_SESSION_STOP_NO_EXEC=ECLIPSE_DBGP&KEY=15155663748112 HTTP/1.1" 200 19
::1 - - [10/Jan/2018:14:55:32 +0800] "POST /paper/sign_in.php HTTP/1.1" 200 1028
::1 - - [10/Jan/2018:14:55:33 +0800] "POST /paper/sign_in.php HTTP/1.1" 200 1028
::1 - - [10/Jan/2018:14:55:39 +0800] "POST /paper/sign_in.php HTTP/1.1" 200 1028
::1 - - [10/Jan/2018:14:55:49 +0800] "POST /paper/sign_in.php HTTP/1.1" 200 1028
::1 - - [10/Jan/2018:15:05:25 +0800] "GET /paper/login.php HTTP/1.1" 200 4632
::1 - - [10/Jan/2018:15:05:34 +0800] "POST /paper/sign_in.php HTTP/1.1" 200 1028
::1 - - [10/Jan/2018:15:13:50 +0800] "GET /paper/ HTTP/1.1" 200 1126
::1 - - [10/Jan/2018:15:13:50 +0800] "GET /favicon.ico HTTP/1.1" 404 209
::1 - - [10/Jan/2018:15:13:52 +0800] "GET /paper/login.php HTTP/1.1" 200 4632
::1 - - [10/Jan/2018:15:13:57 +0800] "POST /paper/sign_in.php HTTP/1.1" 200 1028
::1 - - [10/Jan/2018:15:17:25 +0800] "GET /paper/login.php?XDEBUG_SESSION_START=ECLIPSE_DBGP&KEY=15155686440091 HTTP/1.1" 200 4632
::1 - - [10/Jan/2018:15:17:25 +0800] "GET /paper/js/lib/jquery-easyui-1.3.2/themes/default/easyui.css HTTP/1.1" 304 -
::1 - - [10/Jan/2018:15:17:25 +0800] "GET /paper/js/lib/jquery-easyui-1.3.2/themes/icon.css HTTP/1.1" 304 -
::1 - - [10/Jan/2018:15:17:25 +0800] "GET /paper/js/lib/jquery-easyui-1.3.2/jquery-1.8.0.min.js HTTP/1.1" 304 -
::1 - - [10/Jan/2018:15:17:25 +0800] "GET /paper/js/lib/jquery-easyui-1.3.2/jquery.easyui.min.js HTTP/1.1" 304 -
::1 - - [10/Jan/2018:15:17:25 +0800] "GET /paper/js/lib/jquery-easyui-1.3.2/themes/default/images/linkbutton_bg.png HTTP/1.1" 304 -
::1 - - [10/Jan/2018:15:17:25 +0800] "GET /paper/js/lib/jquery-easyui-1.3.2/themes/icons/edit_add.png HTTP/1.1" 304 -
::1 - - [10/Jan/2018:15:17:25 +0800] "GET /paper/js/lib/jquery-easyui-1.3.2/themes/icons/ok.png HTTP/1.1" 304 -
::1 - - [10/Jan/2018:15:17:25 +0800] "GET /paper/js/lib/jquery-easyui-1.3.2/themes/icons/cancel.png HTTP/1.1" 304 -
::1 - - [10/Jan/2018:15:17:26 +0800] "GET /paper/js/lib/jquery-easyui-1.3.2/themes/default/images/combo_arrow.png HTTP/1.1" 304 -
::1 - - [10/Jan/2018:15:17:26 +0800] "GET /paper/js/lib/jquery-easyui-1.3.2/themes/default/images/panel_tools.png HTTP/1.1" 304 -
::1 - - [10/Jan/2018:15:17:26 +0800] "GET /paper/js/lib/jquery-easyui-1.3.2/themes/default/images/blank.gif HTTP/1.1" 304 -
::1 - - [10/Jan/2018:15:17:30 +0800] "POST /paper/sign_in.php HTTP/1.1" 200 1028
::1 - - [10/Jan/2018:15:18:11 +0800] "POST /paper/sign_in.php HTTP/1.1" 200 1012
::1 - - [10/Jan/2018:15:19:14 +0800] "POST /paper/sign_in.php HTTP/1.1" 200 16
::1 - - [10/Jan/2018:15:19:19 +0800] "GET /paper/index.php HTTP/1.1" 200 4556
::1 - - [10/Jan/2018:15:19:19 +0800] "GET /paper/js/lib/jquery-easyui-1.3.2/demo/demo.css HTTP/1.1" 304 -
::1 - - [10/Jan/2018:15:19:19 +0800] "GET /paper/js/lib/jquery-easyui-1.3.2/themes/icons/tip.png HTTP/1.1" 304 -
::1 - - [10/Jan/2018:15:19:19 +0800] "GET /paper/js/lib/jquery-easyui-1.3.2/themes/icons/pencil.png HTTP/1.1" 304 -
::1 - - [10/Jan/2018:15:19:19 +0800] "GET /paper/js/lib/jquery-easyui-1.3.2/themes/icons/edit_remove.png HTTP/1.1" 304 -
::1 - - [10/Jan/2018:15:19:19 +0800] "GET /paper/js/lib/jquery-easyui-1.3.2/themes/default/images/pagination_icons.png HTTP/1.1" 304 -
::1 - - [10/Jan/2018:15:19:19 +0800] "GET /paper/js/lib/jquery-easyui-1.3.2/themes/default/images/loading.gif HTTP/1.1" 304 -
::1 - - [10/Jan/2018:15:19:19 +0800] "POST /paper/get_users.php HTTP/1.1" 200 152
::1 - - [10/Jan/2018:15:22:09 +0800] "GET /paper/index.php HTTP/1.1" 200 4558
::1 - - [10/Jan/2018:15:22:22 +0800] "GET /paper/js/lib/jquery-easyui-1.3.2/themes/default/easyui.css HTTP/1.1" 304 -
::1 - - [10/Jan/2018:15:22:22 +0800] "GET /paper/js/lib/jquery-easyui-1.3.2/themes/icon.css HTTP/1.1" 304 -
::1 - - [10/Jan/2018:15:22:22 +0800] "GET /paper/js/lib/jquery-easyui-1.3.2/demo/demo.css HTTP/1.1" 304 -
::1 - - [10/Jan/2018:15:22:22 +0800] "GET /paper/js/lib/jquery-easyui-1.3.2/jquery-1.8.0.min.js HTTP/1.1" 304 -
::1 - - [10/Jan/2018:15:22:22 +0800] "GET /paper/js/lib/jquery-easyui-1.3.2/jquery.easyui.min.js HTTP/1.1" 304 -
::1 - - [10/Jan/2018:15:22:22 +0800] "GET /paper/js/lib/jquery-easyui-1.3.2/themes/icons/tip.png HTTP/1.1" 304 -
::1 - - [10/Jan/2018:15:22:22 +0800] "GET /paper/js/lib/jquery-easyui-1.3.2/themes/default/images/linkbutton_bg.png HTTP/1.1" 304 -
::1 - - [10/Jan/2018:15:22:22 +0800] "GET /paper/js/lib/jquery-easyui-1.3.2/themes/icons/edit_add.png HTTP/1.1" 304 -
::1 - - [10/Jan/2018:15:22:22 +0800] "GET /paper/js/lib/jquery-easyui-1.3.2/themes/default/images/linkbutton_bg.png HTTP/1.1" 304 -
::1 - - [10/Jan/2018:15:22:22 +0800] "GET /paper/js/lib/jquery-easyui-1.3.2/themes/icons/pencil.png HTTP/1.1" 304 -
::1 - - [10/Jan/2018:15:22:22 +0800] "GET /paper/js/lib/jquery-easyui-1.3.2/themes/default/images/linkbutton_bg.png HTTP/1.1" 304 -
::1 - - [10/Jan/2018:15:22:22 +0800] "GET /paper/js/lib/jquery-easyui-1.3.2/themes/icons/edit_remove.png HTTP/1.1" 304 -
::1 - - [10/Jan/2018:15:22:22 +0800] "GET /paper/js/lib/jquery-easyui-1.3.2/themes/default/images/linkbutton_bg.png HTTP/1.1" 304 -
::1 - - [10/Jan/2018:15:22:22 +0800] "GET /paper/js/lib/jquery-easyui-1.3.2/themes/icons/ok.png HTTP/1.1" 304 -
::1 - - [10/Jan/2018:15:22:22 +0800] "GET /paper/js/lib/jquery-easyui-1.3.2/themes/icons/cancel.png HTTP/1.1" 304 -
::1 - - [10/Jan/2018:15:22:23 +0800] "GET /paper/js/lib/jquery-easyui-1.3.2/themes/default/images/blank.gif HTTP/1.1" 304 -
::1 - - [10/Jan/2018:15:22:23 +0800] "GET /paper/js/lib/jquery-easyui-1.3.2/themes/default/images/pagination_icons.png HTTP/1.1" 304 -
::1 - - [10/Jan/2018:15:22:23 +0800] "GET /paper/js/lib/jquery-easyui-1.3.2/themes/default/images/loading.gif HTTP/1.1" 304 -
::1 - - [10/Jan/2018:15:22:23 +0800] "GET /paper/js/lib/jquery-easyui-1.3.2/themes/default/images/panel_tools.png HTTP/1.1" 304 -
::1 - - [10/Jan/2018:15:22:23 +0800] "POST /paper/get_users.php HTTP/1.1" 200 152
::1 - - [10/Jan/2018:15:52:07 +0800] "GET /paper/index.php HTTP/1.1" 200 4380
::1 - - [10/Jan/2018:15:52:07 +0800] "GET /paper/js/lib/jquery-easyui-1.3.2/themes/default/easyui.css HTTP/1.1" 304 -
::1 - - [10/Jan/2018:15:52:07 +0800] "GET /paper/js/lib/jquery-easyui-1.3.2/themes/icon.css HTTP/1.1" 304 -
::1 - - [10/Jan/2018:15:52:07 +0800] "GET /paper/js/lib/jquery-easyui-1.3.2/demo/demo.css HTTP/1.1" 304 -
::1 - - [10/Jan/2018:15:52:07 +0800] "GET /paper/js/lib/jquery-easyui-1.3.2/jquery-1.8.0.min.js HTTP/1.1" 304 -
::1 - - [10/Jan/2018:15:52:07 +0800] "GET /paper/js/lib/jquery-easyui-1.3.2/jquery.easyui.min.js HTTP/1.1" 304 -
::1 - - [10/Jan/2018:15:52:07 +0800] "GET /paper/js/lib/jquery-easyui-1.3.2/themes/default/images/linkbutton_bg.png HTTP/1.1" 304 -
::1 - - [10/Jan/2018:15:52:07 +0800] "GET /paper/js/lib/jquery-easyui-1.3.2/themes/icons/edit_add.png HTTP/1.1" 304 -
::1 - - [10/Jan/2018:15:52:07 +0800] "GET /paper/js/lib/jquery-easyui-1.3.2/themes/default/images/linkbutton_bg.png HTTP/1.1" 304 -
::1 - - [10/Jan/2018:15:52:07 +0800] "GET /paper/js/lib/jquery-easyui-1.3.2/themes/icons/pencil.png HTTP/1.1" 304 -
::1 - - [10/Jan/2018:15:52:07 +0800] "GET /paper/js/lib/jquery-easyui-1.3.2/themes/default/images/linkbutton_bg.png HTTP/1.1" 304 -
::1 - - [10/Jan/2018:15:52:07 +0800] "GET /paper/js/lib/jquery-easyui-1.3.2/themes/icons/edit_remove.png HTTP/1.1" 304 -
::1 - - [10/Jan/2018:15:52:07 +0800] "GET /paper/js/lib/jquery-easyui-1.3.2/themes/default/images/linkbutton_bg.png HTTP/1.1" 304 -
::1 - - [10/Jan/2018:15:52:07 +0800] "GET /paper/js/lib/jquery-easyui-1.3.2/themes/icons/ok.png HTTP/1.1" 304 -
::1 - - [10/Jan/2018:15:52:07 +0800] "GET /paper/js/lib/jquery-easyui-1.3.2/themes/icons/cancel.png HTTP/1.1" 304 -
::1 - - [10/Jan/2018:15:52:07 +0800] "GET /paper/js/lib/jquery-easyui-1.3.2/themes/default/images/blank.gif HTTP/1.1" 304 -
::1 - - [10/Jan/2018:15:52:07 +0800] "GET /paper/js/lib/jquery-easyui-1.3.2/themes/default/images/pagination_icons.png HTTP/1.1" 304 -
::1 - - [10/Jan/2018:15:52:07 +0800] "GET /paper/js/lib/jquery-easyui-1.3.2/themes/default/images/loading.gif HTTP/1.1" 304 -
::1 - - [10/Jan/2018:15:52:07 +0800] "GET /paper/js/lib/jquery-easyui-1.3.2/themes/default/images/panel_tools.png HTTP/1.1" 304 -
::1 - - [10/Jan/2018:15:52:07 +0800] "POST /paper/get_users.php HTTP/1.1" 200 152
::1 - - [10/Jan/2018:15:55:20 +0800] "GET /paper/index.php HTTP/1.1" 200 4377
::1 - - [10/Jan/2018:15:55:20 +0800] "GET /paper/js/lib/jquery-easyui-1.3.2/themes/default/easyui.css HTTP/1.1" 304 -
::1 - - [10/Jan/2018:15:55:20 +0800] "GET /paper/js/lib/jquery-easyui-1.3.2/themes/icon.css HTTP/1.1" 304 -
::1 - - [10/Jan/2018:15:55:20 +0800] "GET /paper/js/lib/jquery-easyui-1.3.2/demo/demo.css HTTP/1.1" 304 -
::1 - - [10/Jan/2018:15:55:20 +0800] "GET /paper/js/lib/jquery-easyui-1.3.2/jquery-1.8.0.min.js HTTP/1.1" 304 -
::1 - - [10/Jan/2018:15:55:20 +0800] "GET /paper/js/lib/jquery-easyui-1.3.2/jquery.easyui.min.js HTTP/1.1" 304 -
::1 - - [10/Jan/2018:15:55:20 +0800] "GET /paper/js/lib/jquery-easyui-1.3.2/themes/default/images/linkbutton_bg.png HTTP/1.1" 304 -
::1 - - [10/Jan/2018:15:55:20 +0800] "GET /paper/js/lib/jquery-easyui-1.3.2/themes/icons/edit_add.png HTTP/1.1" 304 -
::1 - - [10/Jan/2018:15:55:20 +0800] "GET /paper/js/lib/jquery-easyui-1.3.2/themes/default/images/linkbutton_bg.png HTTP/1.1" 304 -
::1 - - [10/Jan/2018:15:55:20 +0800] "GET /paper/js/lib/jquery-easyui-1.3.2/themes/icons/pencil.png HTTP/1.1" 304 -
::1 - - [10/Jan/2018:15:55:20 +0800] "GET /paper/js/lib/jquery-easyui-1.3.2/themes/default/images/linkbutton_bg.png HTTP/1.1" 304 -
::1 - - [10/Jan/2018:15:55:20 +0800] "GET /paper/js/lib/jquery-easyui-1.3.2/themes/icons/edit_remove.png HTTP/1.1" 304 -
::1 - - [10/Jan/2018:15:55:20 +0800] "GET /paper/js/lib/jquery-easyui-1.3.2/themes/default/images/linkbutton_bg.png HTTP/1.1" 304 -
::1 - - [10/Jan/2018:15:55:21 +0800] "GET /paper/js/lib/jquery-easyui-1.3.2/themes/icons/ok.png HTTP/1.1" 304 -
::1 - - [10/Jan/2018:15:55:21 +0800] "GET /paper/js/lib/jquery-easyui-1.3.2/themes/icons/cancel.png HTTP/1.1" 304 -
::1 - - [10/Jan/2018:15:55:21 +0800] "GET /paper/js/lib/jquery-easyui-1.3.2/themes/default/images/blank.gif HTTP/1.1" 304 -
::1 - - [10/Jan/2018:15:55:21 +0800] "GET /paper/js/lib/jquery-easyui-1.3.2/themes/default/images/pagination_icons.png HTTP/1.1" 304 -
::1 - - [10/Jan/2018:15:55:21 +0800] "GET /paper/js/lib/jquery-easyui-1.3.2/themes/default/images/loading.gif HTTP/1.1" 304 -
::1 - - [10/Jan/2018:15:55:21 +0800] "GET /paper/js/lib/jquery-easyui-1.3.2/themes/default/images/panel_tools.png HTTP/1.1" 304 -
::1 - - [10/Jan/2018:15:55:21 +0800] "POST /paper/get_users.php HTTP/1.1" 200 152
::1 - - [10/Jan/2018:15:59:20 +0800] "GET /paper/index.php HTTP/1.1" 200 5062
::1 - - [10/Jan/2018:15:59:20 +0800] "GET /paper/js/lib/jquery-easyui-1.3.2/themes/default/easyui.css HTTP/1.1" 304 -
::1 - - [10/Jan/2018:15:59:20 +0800] "GET /paper/js/lib/jquery-easyui-1.3.2/themes/icon.css HTTP/1.1" 304 -
::1 - - [10/Jan/2018:15:59:20 +0800] "GET /paper/js/lib/jquery-easyui-1.3.2/demo/demo.css HTTP/1.1" 304 -
::1 - - [10/Jan/2018:15:59:20 +0800] "GET /paper/js/lib/jquery-easyui-1.3.2/jquery-1.8.0.min.js HTTP/1.1" 304 -
::1 - - [10/Jan/2018:15:59:20 +0800] "GET /paper/js/lib/jquery-easyui-1.3.2/jquery.easyui.min.js HTTP/1.1" 304 -
::1 - - [10/Jan/2018:15:59:20 +0800] "GET /paper/js/lib/jquery-easyui-1.3.2/themes/default/images/linkbutton_bg.png HTTP/1.1" 304 -
::1 - - [10/Jan/2018:15:59:20 +0800] "GET /paper/js/lib/jquery-easyui-1.3.2/themes/icons/edit_add.png HTTP/1.1" 304 -
::1 - - [10/Jan/2018:15:59:20 +0800] "GET /paper/js/lib/jquery-easyui-1.3.2/themes/default/images/linkbutton_bg.png HTTP/1.1" 304 -
::1 - - [10/Jan/2018:15:59:20 +0800] "GET /paper/js/lib/jquery-easyui-1.3.2/themes/icons/pencil.png HTTP/1.1" 304 -
::1 - - [10/Jan/2018:15:59:20 +0800] "GET /paper/js/lib/jquery-easyui-1.3.2/themes/default/images/linkbutton_bg.png HTTP/1.1" 304 -
::1 - - [10/Jan/2018:15:59:20 +0800] "GET /paper/js/lib/jquery-easyui-1.3.2/themes/icons/edit_remove.png HTTP/1.1" 304 -
::1 - - [10/Jan/2018:15:59:20 +0800] "GET /paper/js/lib/jquery-easyui-1.3.2/themes/default/images/linkbutton_bg.png HTTP/1.1" 304 -
::1 - - [10/Jan/2018:15:59:20 +0800] "GET /paper/js/lib/jquery-easyui-1.3.2/themes/icons/ok.png HTTP/1.1" 304 -
::1 - - [10/Jan/2018:15:59:20 +0800] "GET /paper/js/lib/jquery-easyui-1.3.2/themes/icons/cancel.png HTTP/1.1" 304 -
::1 - - [10/Jan/2018:15:59:20 +0800] "GET /paper/js/lib/jquery-easyui-1.3.2/themes/default/images/layout_arrows.png HTTP/1.1" 200 319
::1 - - [10/Jan/2018:15:59:20 +0800] "GET /paper/js/lib/jquery-easyui-1.3.2/themes/default/images/blank.gif HTTP/1.1" 304 -
::1 - - [10/Jan/2018:15:59:21 +0800] "GET /paper/js/lib/jquery-easyui-1.3.2/themes/default/images/pagination_icons.png HTTP/1.1" 304 -
::1 - - [10/Jan/2018:15:59:21 +0800] "GET /paper/js/lib/jquery-easyui-1.3.2/themes/default/images/loading.gif HTTP/1.1" 304 -
::1 - - [10/Jan/2018:15:59:21 +0800] "GET /paper/js/lib/jquery-easyui-1.3.2/themes/default/images/panel_tools.png HTTP/1.1" 304 -
::1 - - [10/Jan/2018:15:59:21 +0800] "POST /paper/get_users.php HTTP/1.1" 200 152
::1 - - [10/Jan/2018:16:00:11 +0800] "GET /paper/index.php HTTP/1.1" 200 5084
::1 - - [10/Jan/2018:16:00:11 +0800] "GET /paper/js/lib/jquery-easyui-1.3.2/themes/default/easyui.css HTTP/1.1" 304 -
::1 - - [10/Jan/2018:16:00:11 +0800] "GET /paper/js/lib/jquery-easyui-1.3.2/themes/icon.css HTTP/1.1" 304 -
::1 - - [10/Jan/2018:16:00:11 +0800] "GET /paper/js/lib/jquery-easyui-1.3.2/demo/demo.css HTTP/1.1" 304 -
::1 - - [10/Jan/2018:16:00:11 +0800] "GET /paper/js/lib/jquery-easyui-1.3.2/jquery-1.8.0.min.js HTTP/1.1" 304 -
::1 - - [10/Jan/2018:16:00:11 +0800] "GET /paper/js/lib/jquery-easyui-1.3.2/jquery.easyui.min.js HTTP/1.1" 304 -
::1 - - [10/Jan/2018:16:00:11 +0800] "GET /paper/js/lib/jquery-easyui-1.3.2/themes/default/images/linkbutton_bg.png HTTP/1.1" 304 -
::1 - - [10/Jan/2018:16:00:11 +0800] "GET /paper/js/lib/jquery-easyui-1.3.2/themes/icons/edit_add.png HTTP/1.1" 304 -
::1 - - [10/Jan/2018:16:00:11 +0800] "GET /paper/js/lib/jquery-easyui-1.3.2/themes/default/images/linkbutton_bg.png HTTP/1.1" 304 -
::1 - - [10/Jan/2018:16:00:11 +0800] "GET /paper/js/lib/jquery-easyui-1.3.2/themes/icons/pencil.png HTTP/1.1" 304 -
::1 - - [10/Jan/2018:16:00:11 +0800] "GET /paper/js/lib/jquery-easyui-1.3.2/themes/default/images/linkbutton_bg.png HTTP/1.1" 304 -
::1 - - [10/Jan/2018:16:00:11 +0800] "GET /paper/js/lib/jquery-easyui-1.3.2/themes/icons/edit_remove.png HTTP/1.1" 304 -
::1 - - [10/Jan/2018:16:00:11 +0800] "GET /paper/js/lib/jquery-easyui-1.3.2/themes/default/images/linkbutton_bg.png HTTP/1.1" 304 -
::1 - - [10/Jan/2018:16:00:11 +0800] "GET /paper/js/lib/jquery-easyui-1.3.2/themes/icons/ok.png HTTP/1.1" 304 -
::1 - - [10/Jan/2018:16:00:11 +0800] "GET /paper/js/lib/jquery-easyui-1.3.2/themes/icons/cancel.png HTTP/1.1" 304 -
::1 - - [10/Jan/2018:16:00:15 +0800] "GET /paper/index.php HTTP/1.1" 200 5084
::1 - - [10/Jan/2018:16:00:15 +0800] "GET /paper/js/lib/jquery-easyui-1.3.2/themes/default/easyui.css HTTP/1.1" 304 -
::1 - - [10/Jan/2018:16:00:15 +0800] "GET /paper/js/lib/jquery-easyui-1.3.2/themes/icon.css HTTP/1.1" 304 -
::1 - - [10/Jan/2018:16:00:15 +0800] "GET /paper/js/lib/jquery-easyui-1.3.2/demo/demo.css HTTP/1.1" 304 -
::1 - - [10/Jan/2018:16:00:15 +0800] "GET /paper/js/lib/jquery-easyui-1.3.2/jquery-1.8.0.min.js HTTP/1.1" 304 -
::1 - - [10/Jan/2018:16:00:15 +0800] "GET /paper/js/lib/jquery-easyui-1.3.2/jquery.easyui.min.js HTTP/1.1" 304 -
::1 - - [10/Jan/2018:16:00:15 +0800] "GET /paper/js/lib/jquery-easyui-1.3.2/themes/default/images/linkbutton_bg.png HTTP/1.1" 304 -
::1 - - [10/Jan/2018:16:00:15 +0800] "GET /paper/js/lib/jquery-easyui-1.3.2/themes/icons/edit_add.png HTTP/1.1" 304 -
::1 - - [10/Jan/2018:16:00:15 +0800] "GET /paper/js/lib/jquery-easyui-1.3.2/themes/default/images/linkbutton_bg.png HTTP/1.1" 304 -
::1 - - [10/Jan/2018:16:00:15 +0800] "GET /paper/js/lib/jquery-easyui-1.3.2/themes/icons/pencil.png HTTP/1.1" 304 -
::1 - - [10/Jan/2018:16:00:15 +0800] "GET /paper/js/lib/jquery-easyui-1.3.2/themes/default/images/linkbutton_bg.png HTTP/1.1" 304 -
::1 - - [10/Jan/2018:16:00:15 +0800] "GET /paper/js/lib/jquery-easyui-1.3.2/themes/icons/edit_remove.png HTTP/1.1" 304 -
::1 - - [10/Jan/2018:16:00:15 +0800] "GET /paper/js/lib/jquery-easyui-1.3.2/themes/default/images/linkbutton_bg.png HTTP/1.1" 304 -
::1 - - [10/Jan/2018:16:00:15 +0800] "GET /paper/js/lib/jquery-easyui-1.3.2/themes/icons/ok.png HTTP/1.1" 304 -
::1 - - [10/Jan/2018:16:00:15 +0800] "GET /paper/js/lib/jquery-easyui-1.3.2/themes/icons/cancel.png HTTP/1.1" 304 -
::1 - - [10/Jan/2018:16:01:20 +0800] "GET /paper/index.php HTTP/1.1" 200 5454
::1 - - [10/Jan/2018:16:01:20 +0800] "GET /paper/js/lib/jquery-easyui-1.3.2/themes/default/easyui.css HTTP/1.1" 304 -
::1 - - [10/Jan/2018:16:01:20 +0800] "GET /paper/js/lib/jquery-easyui-1.3.2/themes/icon.css HTTP/1.1" 304 -
::1 - - [10/Jan/2018:16:01:20 +0800] "GET /paper/js/lib/jquery-easyui-1.3.2/demo/demo.css HTTP/1.1" 304 -
::1 - - [10/Jan/2018:16:01:20 +0800] "GET /paper/js/lib/jquery-easyui-1.3.2/jquery-1.8.0.min.js HTTP/1.1" 304 -
::1 - - [10/Jan/2018:16:01:20 +0800] "GET /paper/js/lib/jquery-easyui-1.3.2/jquery.easyui.min.js HTTP/1.1" 304 -
::1 - - [10/Jan/2018:16:01:20 +0800] "GET /paper/js/lib/jquery-easyui-1.3.2/themes/default/images/linkbutton_bg.png HTTP/1.1" 304 -
::1 - - [10/Jan/2018:16:01:20 +0800] "GET /paper/js/lib/jquery-easyui-1.3.2/themes/icons/edit_add.png HTTP/1.1" 304 -
::1 - - [10/Jan/2018:16:01:20 +0800] "GET /paper/js/lib/jquery-easyui-1.3.2/themes/default/images/linkbutton_bg.png HTTP/1.1" 304 -
::1 - - [10/Jan/2018:16:01:20 +0800] "GET /paper/js/lib/jquery-easyui-1.3.2/themes/icons/pencil.png HTTP/1.1" 304 -
::1 - - [10/Jan/2018:16:01:20 +0800] "GET /paper/js/lib/jquery-easyui-1.3.2/themes/default/images/linkbutton_bg.png HTTP/1.1" 304 -
::1 - - [10/Jan/2018:16:01:20 +0800] "GET /paper/js/lib/jquery-easyui-1.3.2/themes/icons/edit_remove.png HTTP/1.1" 304 -
::1 - - [10/Jan/2018:16:01:20 +0800] "GET /paper/js/lib/jquery-easyui-1.3.2/themes/default/images/linkbutton_bg.png HTTP/1.1" 304 -
::1 - - [10/Jan/2018:16:01:20 +0800] "GET /paper/js/lib/jquery-easyui-1.3.2/themes/icons/ok.png HTTP/1.1" 304 -
::1 - - [10/Jan/2018:16:01:20 +0800] "GET /paper/js/lib/jquery-easyui-1.3.2/themes/icons/cancel.png HTTP/1.1" 304 -
::1 - - [10/Jan/2018:16:01:20 +0800] "GET /paper/js/lib/jquery-easyui-1.3.2/themes/default/images/layout_arrows.png HTTP/1.1" 304 -
::1 - - [10/Jan/2018:16:01:20 +0800] "GET /paper/js/lib/jquery-easyui-1.3.2/themes/default/images/blank.gif HTTP/1.1" 304 -
::1 - - [10/Jan/2018:16:01:21 +0800] "GET /paper/js/lib/jquery-easyui-1.3.2/themes/default/images/pagination_icons.png HTTP/1.1" 304 -
::1 - - [10/Jan/2018:16:01:21 +0800] "GET /paper/js/lib/jquery-easyui-1.3.2/themes/default/images/loading.gif HTTP/1.1" 304 -
::1 - - [10/Jan/2018:16:01:21 +0800] "GET /paper/js/lib/jquery-easyui-1.3.2/themes/default/images/panel_tools.png HTTP/1.1" 304 -
::1 - - [10/Jan/2018:16:01:21 +0800] "POST /paper/get_users.php HTTP/1.1" 200 152
::1 - - [10/Jan/2018:17:11:07 +0800] "GET /paper/index.php?XDEBUG_SESSION_START=ECLIPSE_DBGP&KEY=15155754669561 HTTP/1.1" 200 7918
::1 - - [10/Jan/2018:17:11:07 +0800] "GET /paper/js/lib/jquery-easyui-1.3.2/themes/icon.css HTTP/1.1" 304 -
::1 - - [10/Jan/2018:17:11:07 +0800] "GET /paper/js/lib/jquery-easyui-1.3.2/themes/default/easyui.css HTTP/1.1" 304 -
::1 - - [10/Jan/2018:17:11:07 +0800] "GET /paper/js/lib/jquery-easyui-1.3.2/demo/demo.css HTTP/1.1" 304 -
::1 - - [10/Jan/2018:17:11:07 +0800] "GET /paper/js/lib/jquery-easyui-1.3.2/jquery-1.8.0.min.js HTTP/1.1" 304 -
::1 - - [10/Jan/2018:17:11:07 +0800] "GET /paper/js/lib/jquery-easyui-1.3.2/jquery.easyui.min.js HTTP/1.1" 304 -
::1 - - [10/Jan/2018:17:11:07 +0800] "GET /paper/login.php HTTP/1.1" 200 4632
::1 - - [10/Jan/2018:17:11:07 +0800] "GET /paper/js/lib/jquery-easyui-1.3.2/themes/default/images/linkbutton_bg.png HTTP/1.1" 304 -
::1 - - [10/Jan/2018:17:11:07 +0800] "GET /paper/js/lib/jquery-easyui-1.3.2/themes/icons/ok.png HTTP/1.1" 304 -
::1 - - [10/Jan/2018:17:11:07 +0800] "GET /paper/js/lib/jquery-easyui-1.3.2/themes/icons/edit_add.png HTTP/1.1" 304 -
::1 - - [10/Jan/2018:17:11:07 +0800] "GET /paper/js/lib/jquery-easyui-1.3.2/themes/icons/cancel.png HTTP/1.1" 304 -
::1 - - [10/Jan/2018:17:11:07 +0800] "GET /paper/js/lib/jquery-easyui-1.3.2/themes/default/images/combo_arrow.png HTTP/1.1" 304 -
::1 - - [10/Jan/2018:17:11:07 +0800] "GET /paper/js/lib/jquery-easyui-1.3.2/themes/default/images/panel_tools.png HTTP/1.1" 304 -
::1 - - [10/Jan/2018:17:11:07 +0800] "GET /paper/js/lib/jquery-easyui-1.3.2/themes/default/images/blank.gif HTTP/1.1" 304 -
::1 - - [10/Jan/2018:17:11:17 +0800] "GET /paper/index.php?XDEBUG_SESSION_START=ECLIPSE_DBGP&KEY=15155754669561 HTTP/1.1" 200 7918
::1 - - [10/Jan/2018:17:11:17 +0800] "GET /paper/login.php HTTP/1.1" 200 4632
::1 - - [10/Jan/2018:17:11:19 +0800] "GET /paper/index.php?XDEBUG_SESSION_START=ECLIPSE_DBGP&KEY=15155754669561 HTTP/1.1" 200 7918
::1 - - [10/Jan/2018:17:11:19 +0800] "GET /paper/login.php HTTP/1.1" 200 4632
::1 - - [10/Jan/2018:17:11:20 +0800] "GET /paper/index.php?XDEBUG_SESSION_START=ECLIPSE_DBGP&KEY=15155754669561 HTTP/1.1" 200 7918
::1 - - [10/Jan/2018:17:11:20 +0800] "GET /paper/login.php HTTP/1.1" 200 4632
::1 - - [10/Jan/2018:17:11:21 +0800] "GET /paper/index.php?XDEBUG_SESSION_START=ECLIPSE_DBGP&KEY=15155754669561 HTTP/1.1" 200 7918
::1 - - [10/Jan/2018:17:11:21 +0800] "GET /paper/login.php HTTP/1.1" 200 4632
::1 - - [10/Jan/2018:17:11:22 +0800] "GET /paper/index.php?XDEBUG_SESSION_START=ECLIPSE_DBGP&KEY=15155754669561 HTTP/1.1" 200 7918
::1 - - [10/Jan/2018:17:11:22 +0800] "GET /paper/login.php HTTP/1.1" 200 4632
::1 - - [10/Jan/2018:17:11:23 +0800] "GET /paper/index.php?XDEBUG_SESSION_START=ECLIPSE_DBGP&KEY=15155754669561 HTTP/1.1" 200 7918
::1 - - [10/Jan/2018:17:11:23 +0800] "GET /paper/login.php HTTP/1.1" 200 4632
::1 - - [10/Jan/2018:17:11:24 +0800] "GET /paper/index.php?XDEBUG_SESSION_START=ECLIPSE_DBGP&KEY=15155754669561 HTTP/1.1" 200 7918
::1 - - [10/Jan/2018:17:11:24 +0800] "GET /paper/login.php HTTP/1.1" 200 4632
::1 - - [10/Jan/2018:17:11:24 +0800] "GET /paper/index.php?XDEBUG_SESSION_START=ECLIPSE_DBGP&KEY=15155754669561 HTTP/1.1" 200 7918
::1 - - [10/Jan/2018:17:11:24 +0800] "GET /paper/login.php HTTP/1.1" 200 4632
::1 - - [10/Jan/2018:17:11:25 +0800] "GET /paper/index.php?XDEBUG_SESSION_START=ECLIPSE_DBGP&KEY=15155754669561 HTTP/1.1" 200 7918
::1 - - [10/Jan/2018:17:11:25 +0800] "GET /paper/login.php HTTP/1.1" 200 4632
::1 - - [10/Jan/2018:17:11:25 +0800] "GET /paper/index.php?XDEBUG_SESSION_START=ECLIPSE_DBGP&KEY=15155754669561 HTTP/1.1" 200 7918
::1 - - [10/Jan/2018:17:11:25 +0800] "GET /paper/login.php HTTP/1.1" 200 4632
::1 - - [10/Jan/2018:17:11:38 +0800] "GET /paper/ HTTP/1.1" 200 1182
::1 - - [10/Jan/2018:17:11:38 +0800] "GET /favicon.ico HTTP/1.1" 404 209
::1 - - [10/Jan/2018:17:11:40 +0800] "GET /paper/index.php HTTP/1.1" 200 7918
::1 - - [10/Jan/2018:17:11:40 +0800] "GET /paper/js/lib/jquery-easyui-1.3.2/themes/default/easyui.css HTTP/1.1" 304 -
::1 - - [10/Jan/2018:17:11:40 +0800] "GET /paper/js/lib/jquery-easyui-1.3.2/themes/icon.css HTTP/1.1" 304 -
::1 - - [10/Jan/2018:17:11:40 +0800] "GET /paper/js/lib/jquery-easyui-1.3.2/demo/demo.css HTTP/1.1" 304 -
::1 - - [10/Jan/2018:17:11:40 +0800] "GET /paper/js/lib/jquery-easyui-1.3.2/jquery-1.8.0.min.js HTTP/1.1" 304 -
::1 - - [10/Jan/2018:17:11:40 +0800] "GET /paper/js/lib/jquery-easyui-1.3.2/jquery.easyui.min.js HTTP/1.1" 304 -
::1 - - [10/Jan/2018:17:11:40 +0800] "GET /paper/login.php HTTP/1.1" 200 4632
::1 - - [10/Jan/2018:17:11:40 +0800] "GET /paper/js/lib/jquery-easyui-1.3.2/themes/icons/cancel.png HTTP/1.1" 304 -
::1 - - [10/Jan/2018:17:11:40 +0800] "GET /paper/js/lib/jquery-easyui-1.3.2/themes/default/images/linkbutton_bg.png HTTP/1.1" 304 -
::1 - - [10/Jan/2018:17:11:40 +0800] "GET /paper/js/lib/jquery-easyui-1.3.2/themes/icons/ok.png HTTP/1.1" 304 -
::1 - - [10/Jan/2018:17:11:40 +0800] "GET /paper/js/lib/jquery-easyui-1.3.2/themes/icons/edit_add.png HTTP/1.1" 304 -
::1 - - [10/Jan/2018:17:11:40 +0800] "GET /paper/js/lib/jquery-easyui-1.3.2/themes/default/images/combo_arrow.png HTTP/1.1" 304 -
::1 - - [10/Jan/2018:17:11:40 +0800] "GET /paper/js/lib/jquery-easyui-1.3.2/themes/default/images/panel_tools.png HTTP/1.1" 304 -
::1 - - [10/Jan/2018:17:11:40 +0800] "GET /paper/js/lib/jquery-easyui-1.3.2/themes/default/images/blank.gif HTTP/1.1" 304 -
::1 - - [10/Jan/2018:17:11:46 +0800] "GET /paper/index.php HTTP/1.1" 200 7918
::1 - - [10/Jan/2018:17:11:46 +0800] "GET /paper/login.php HTTP/1.1" 200 4632
::1 - - [10/Jan/2018:17:12:04 +0800] "GET /paper/index.php HTTP/1.1" 200 7918
::1 - - [10/Jan/2018:17:12:04 +0800] "GET /paper/login.php HTTP/1.1" 200 4632
::1 - - [10/Jan/2018:17:13:57 +0800] "GET /paper/index.php HTTP/1.1" 200 7918
::1 - - [10/Jan/2018:17:13:57 +0800] "GET /paper/login.php HTTP/1.1" 200 4632
::1 - - [10/Jan/2018:17:14:10 +0800] "GET /paper/index.php HTTP/1.1" 200 7918
::1 - - [10/Jan/2018:17:14:10 +0800] "GET /paper/login.php HTTP/1.1" 200 4632
::1 - - [10/Jan/2018:17:14:32 +0800] "GET /paper/index.php HTTP/1.1" 200 7920
::1 - - [10/Jan/2018:17:14:32 +0800] "GET /paper/js/lib/jquery-easyui-1.3.2/themes/icons/edit_remove.png HTTP/1.1" 304 -
::1 - - [10/Jan/2018:17:14:32 +0800] "GET /paper/js/lib/jquery-easyui-1.3.2/themes/icons/pencil.png HTTP/1.1" 304 -
::1 - - [10/Jan/2018:17:14:32 +0800] "GET /paper/js/lib/jquery-easyui-1.3.2/themes/default/images/layout_arrows.png HTTP/1.1" 200 319
::1 - - [10/Jan/2018:17:14:32 +0800] "GET /paper/js/lib/jquery-easyui-1.3.2/themes/default/images/pagination_icons.png HTTP/1.1" 304 -
::1 - - [10/Jan/2018:17:14:32 +0800] "GET /paper/js/lib/jquery-easyui-1.3.2/themes/default/images/loading.gif HTTP/1.1" 304 -
::1 - - [10/Jan/2018:17:14:32 +0800] "POST /paper/get_users.php HTTP/1.1" 200 152
::1 - - [10/Jan/2018:17:15:07 +0800] "GET /paper/index.php HTTP/1.1" 200 7920
::1 - - [10/Jan/2018:17:15:07 +0800] "POST /paper/get_users.php HTTP/1.1" 200 152
::1 - - [10/Jan/2018:17:15:12 +0800] "GET /paper/index.php?XDEBUG_SESSION_START=ECLIPSE_DBGP&KEY=15155754669561 HTTP/1.1" 200 7920
::1 - - [10/Jan/2018:17:15:27 +0800] "GET /paper/js/lib/jquery-easyui-1.3.2/themes/icons/pencil.png HTTP/1.1" 304 -
::1 - - [10/Jan/2018:17:15:27 +0800] "GET /paper/js/lib/jquery-easyui-1.3.2/themes/icons/edit_remove.png HTTP/1.1" 304 -
::1 - - [10/Jan/2018:17:15:27 +0800] "GET /paper/js/lib/jquery-easyui-1.3.2/themes/default/images/layout_arrows.png HTTP/1.1" 304 -
::1 - - [10/Jan/2018:17:15:27 +0800] "GET /paper/js/lib/jquery-easyui-1.3.2/themes/default/images/pagination_icons.png HTTP/1.1" 304 -
::1 - - [10/Jan/2018:17:15:27 +0800] "GET /paper/js/lib/jquery-easyui-1.3.2/themes/default/images/loading.gif HTTP/1.1" 304 -
::1 - - [10/Jan/2018:17:15:27 +0800] "POST /paper/get_users.php HTTP/1.1" 200 152
::1 - - [10/Jan/2018:17:16:54 +0800] "GET /paper/index.php HTTP/1.1" 200 6512
::1 - - [10/Jan/2018:17:16:55 +0800] "POST /paper/get_users.php HTTP/1.1" 200 152
::1 - - [10/Jan/2018:17:17:20 +0800] "GET /paper/index.php HTTP/1.1" 200 6510
::1 - - [10/Jan/2018:17:17:20 +0800] "GET /paper/login.php HTTP/1.1" 200 4632
::1 - - [10/Jan/2018:17:17:21 +0800] "GET /paper/login.php HTTP/1.1" 200 4632
::1 - - [10/Jan/2018:17:17:22 +0800] "GET /paper/login.php HTTP/1.1" 200 4632
::1 - - [10/Jan/2018:17:17:25 +0800] "GET /paper/index.php HTTP/1.1" 200 6510
::1 - - [10/Jan/2018:17:17:25 +0800] "GET /paper/login.php HTTP/1.1" 200 4632
::1 - - [10/Jan/2018:17:17:39 +0800] "GET /paper/index.php?XDEBUG_SESSION_START=ECLIPSE_DBGP&KEY=15155754669561 HTTP/1.1" 200 6510
::1 - - [10/Jan/2018:17:17:39 +0800] "GET /paper/login.php HTTP/1.1" 200 4632
::1 - - [10/Jan/2018:17:17:57 +0800] "POST /paper/sign_in.php HTTP/1.1" 200 16
::1 - - [10/Jan/2018:17:17:57 +0800] "GET /paper/index.php HTTP/1.1" 200 5452
::1 - - [10/Jan/2018:17:17:58 +0800] "POST /paper/get_users.php HTTP/1.1" 200 152
::1 - - [10/Jan/2018:17:18:12 +0800] "POST /paper/sign_in.php HTTP/1.1" 200 16
::1 - - [10/Jan/2018:17:18:17 +0800] "GET /paper/index.php HTTP/1.1" 200 5452
::1 - - [10/Jan/2018:17:18:17 +0800] "POST /paper/get_users.php HTTP/1.1" 200 152
::1 - - [10/Jan/2018:17:18:56 +0800] "GET /paper/index.php HTTP/1.1" 200 5452
::1 - - [10/Jan/2018:17:18:56 +0800] "POST /paper/get_users.php HTTP/1.1" 200 152
::1 - - [10/Jan/2018:17:18:58 +0800] "GET /paper/index.php HTTP/1.1" 200 5452
::1 - - [10/Jan/2018:17:18:58 +0800] "POST /paper/get_users.php HTTP/1.1" 200 152
::1 - - [10/Jan/2018:17:19:14 +0800] "GET /paper/index.php HTTP/1.1" 200 5421
::1 - - [10/Jan/2018:17:19:14 +0800] "POST /paper/get_users.php HTTP/1.1" 200 152
::1 - - [10/Jan/2018:17:19:14 +0800] "GET /paper/index.php HTTP/1.1" 200 5421
::1 - - [10/Jan/2018:17:19:15 +0800] "POST /paper/get_users.php HTTP/1.1" 200 152
::1 - - [10/Jan/2018:17:19:16 +0800] "GET /paper/index.php HTTP/1.1" 200 5421
::1 - - [10/Jan/2018:17:19:16 +0800] "GET /paper/js/lib/jquery-easyui-1.3.2/themes/default/easyui.css HTTP/1.1" 304 -
::1 - - [10/Jan/2018:17:19:16 +0800] "GET /paper/js/lib/jquery-easyui-1.3.2/themes/icon.css HTTP/1.1" 304 -
::1 - - [10/Jan/2018:17:19:16 +0800] "GET /paper/js/lib/jquery-easyui-1.3.2/demo/demo.css HTTP/1.1" 304 -
::1 - - [10/Jan/2018:17:19:16 +0800] "GET /paper/js/lib/jquery-easyui-1.3.2/jquery-1.8.0.min.js HTTP/1.1" 304 -
::1 - - [10/Jan/2018:17:19:16 +0800] "GET /paper/js/lib/jquery-easyui-1.3.2/jquery.easyui.min.js HTTP/1.1" 304 -
::1 - - [10/Jan/2018:17:19:16 +0800] "GET /paper/js/lib/jquery-easyui-1.3.2/themes/default/images/linkbutton_bg.png HTTP/1.1" 304 -
::1 - - [10/Jan/2018:17:19:16 +0800] "GET /paper/js/lib/jquery-easyui-1.3.2/themes/icons/edit_add.png HTTP/1.1" 304 -
::1 - - [10/Jan/2018:17:19:16 +0800] "GET /paper/js/lib/jquery-easyui-1.3.2/themes/default/images/linkbutton_bg.png HTTP/1.1" 304 -
::1 - - [10/Jan/2018:17:19:16 +0800] "GET /paper/js/lib/jquery-easyui-1.3.2/themes/icons/pencil.png HTTP/1.1" 304 -
::1 - - [10/Jan/2018:17:19:16 +0800] "GET /paper/js/lib/jquery-easyui-1.3.2/themes/default/images/linkbutton_bg.png HTTP/1.1" 304 -
::1 - - [10/Jan/2018:17:19:16 +0800] "GET /paper/js/lib/jquery-easyui-1.3.2/themes/icons/edit_remove.png HTTP/1.1" 304 -
::1 - - [10/Jan/2018:17:19:16 +0800] "GET /paper/js/lib/jquery-easyui-1.3.2/themes/default/images/linkbutton_bg.png HTTP/1.1" 304 -
::1 - - [10/Jan/2018:17:19:16 +0800] "GET /paper/js/lib/jquery-easyui-1.3.2/themes/icons/ok.png HTTP/1.1" 304 -
::1 - - [10/Jan/2018:17:19:16 +0800] "GET /paper/js/lib/jquery-easyui-1.3.2/themes/icons/cancel.png HTTP/1.1" 304 -
::1 - - [10/Jan/2018:17:19:16 +0800] "GET /paper/js/lib/jquery-easyui-1.3.2/themes/default/images/layout_arrows.png HTTP/1.1" 304 -
::1 - - [10/Jan/2018:17:19:16 +0800] "GET /paper/js/lib/jquery-easyui-1.3.2/themes/default/images/blank.gif HTTP/1.1" 304 -
::1 - - [10/Jan/2018:17:19:16 +0800] "GET /paper/js/lib/jquery-easyui-1.3.2/themes/default/images/pagination_icons.png HTTP/1.1" 304 -
::1 - - [10/Jan/2018:17:19:16 +0800] "GET /paper/js/lib/jquery-easyui-1.3.2/themes/default/images/loading.gif HTTP/1.1" 304 -
::1 - - [10/Jan/2018:17:19:16 +0800] "GET /paper/js/lib/jquery-easyui-1.3.2/themes/default/images/panel_tools.png HTTP/1.1" 304 -
::1 - - [10/Jan/2018:17:19:16 +0800] "POST /paper/get_users.php HTTP/1.1" 200 152
::1 - - [10/Jan/2018:17:19:17 +0800] "GET /paper/index.php HTTP/1.1" 200 5421
::1 - - [10/Jan/2018:17:19:18 +0800] "GET /paper/js/lib/jquery-easyui-1.3.2/themes/default/easyui.css HTTP/1.1" 304 -
::1 - - [10/Jan/2018:17:19:18 +0800] "GET /paper/js/lib/jquery-easyui-1.3.2/themes/icon.css HTTP/1.1" 304 -
::1 - - [10/Jan/2018:17:19:18 +0800] "GET /paper/js/lib/jquery-easyui-1.3.2/demo/demo.css HTTP/1.1" 304 -
::1 - - [10/Jan/2018:17:19:18 +0800] "GET /paper/js/lib/jquery-easyui-1.3.2/jquery-1.8.0.min.js HTTP/1.1" 304 -
::1 - - [10/Jan/2018:17:19:18 +0800] "GET /paper/js/lib/jquery-easyui-1.3.2/jquery.easyui.min.js HTTP/1.1" 304 -
::1 - - [10/Jan/2018:17:19:18 +0800] "GET /paper/js/lib/jquery-easyui-1.3.2/themes/default/images/linkbutton_bg.png HTTP/1.1" 304 -
::1 - - [10/Jan/2018:17:19:18 +0800] "GET /paper/js/lib/jquery-easyui-1.3.2/themes/icons/edit_add.png HTTP/1.1" 304 -
::1 - - [10/Jan/2018:17:19:18 +0800] "GET /paper/js/lib/jquery-easyui-1.3.2/themes/default/images/linkbutton_bg.png HTTP/1.1" 304 -
::1 - - [10/Jan/2018:17:19:18 +0800] "GET /paper/js/lib/jquery-easyui-1.3.2/themes/icons/pencil.png HTTP/1.1" 304 -
::1 - - [10/Jan/2018:17:19:18 +0800] "GET /paper/js/lib/jquery-easyui-1.3.2/themes/default/images/linkbutton_bg.png HTTP/1.1" 304 -
::1 - - [10/Jan/2018:17:19:18 +0800] "GET /paper/js/lib/jquery-easyui-1.3.2/themes/default/images/linkbutton_bg.png HTTP/1.1" 304 -
::1 - - [10/Jan/2018:17:19:18 +0800] "GET /paper/js/lib/jquery-easyui-1.3.2/themes/icons/edit_remove.png HTTP/1.1" 304 -
::1 - - [10/Jan/2018:17:19:18 +0800] "GET /paper/js/lib/jquery-easyui-1.3.2/themes/icons/ok.png HTTP/1.1" 304 -
::1 - - [10/Jan/2018:17:19:18 +0800] "GET /paper/js/lib/jquery-easyui-1.3.2/themes/icons/cancel.png HTTP/1.1" 304 -
::1 - - [10/Jan/2018:17:19:18 +0800] "GET /paper/js/lib/jquery-easyui-1.3.2/themes/default/images/layout_arrows.png HTTP/1.1" 304 -
::1 - - [10/Jan/2018:17:19:18 +0800] "GET /paper/js/lib/jquery-easyui-1.3.2/themes/default/images/blank.gif HTTP/1.1" 304 -
::1 - - [10/Jan/2018:17:19:18 +0800] "GET /paper/js/lib/jquery-easyui-1.3.2/themes/default/images/pagination_icons.png HTTP/1.1" 304 -
::1 - - [10/Jan/2018:17:19:18 +0800] "GET /paper/js/lib/jquery-easyui-1.3.2/themes/default/images/loading.gif HTTP/1.1" 304 -
::1 - - [10/Jan/2018:17:19:18 +0800] "GET /paper/js/lib/jquery-easyui-1.3.2/themes/default/images/panel_tools.png HTTP/1.1" 304 -
::1 - - [10/Jan/2018:17:19:18 +0800] "POST /paper/get_users.php HTTP/1.1" 200 152
::1 - - [10/Jan/2018:17:19:19 +0800] "GET /paper/index.php HTTP/1.1" 200 5421
::1 - - [10/Jan/2018:17:19:19 +0800] "GET /paper/js/lib/jquery-easyui-1.3.2/themes/default/easyui.css HTTP/1.1" 304 -
::1 - - [10/Jan/2018:17:19:19 +0800] "GET /paper/js/lib/jquery-easyui-1.3.2/themes/icon.css HTTP/1.1" 304 -
::1 - - [10/Jan/2018:17:19:19 +0800] "GET /paper/js/lib/jquery-easyui-1.3.2/demo/demo.css HTTP/1.1" 304 -
::1 - - [10/Jan/2018:17:19:19 +0800] "GET /paper/js/lib/jquery-easyui-1.3.2/jquery-1.8.0.min.js HTTP/1.1" 304 -
::1 - - [10/Jan/2018:17:19:19 +0800] "GET /paper/js/lib/jquery-easyui-1.3.2/jquery.easyui.min.js HTTP/1.1" 304 -
::1 - - [10/Jan/2018:17:19:19 +0800] "GET /paper/js/lib/jquery-easyui-1.3.2/themes/default/images/linkbutton_bg.png HTTP/1.1" 304 -
::1 - - [10/Jan/2018:17:19:19 +0800] "GET /paper/js/lib/jquery-easyui-1.3.2/themes/icons/edit_add.png HTTP/1.1" 304 -
::1 - - [10/Jan/2018:17:19:19 +0800] "GET /paper/js/lib/jquery-easyui-1.3.2/themes/default/images/linkbutton_bg.png HTTP/1.1" 304 -
::1 - - [10/Jan/2018:17:19:19 +0800] "GET /paper/js/lib/jquery-easyui-1.3.2/themes/icons/pencil.png HTTP/1.1" 304 -
::1 - - [10/Jan/2018:17:19:19 +0800] "GET /paper/js/lib/jquery-easyui-1.3.2/themes/default/images/linkbutton_bg.png HTTP/1.1" 304 -
::1 - - [10/Jan/2018:17:19:19 +0800] "GET /paper/js/lib/jquery-easyui-1.3.2/themes/icons/edit_remove.png HTTP/1.1" 304 -
::1 - - [10/Jan/2018:17:19:19 +0800] "GET /paper/js/lib/jquery-easyui-1.3.2/themes/default/images/linkbutton_bg.png HTTP/1.1" 304 -
::1 - - [10/Jan/2018:17:19:19 +0800] "GET /paper/js/lib/jquery-easyui-1.3.2/themes/icons/ok.png HTTP/1.1" 304 -
::1 - - [10/Jan/2018:17:19:19 +0800] "GET /paper/js/lib/jquery-easyui-1.3.2/themes/icons/cancel.png HTTP/1.1" 304 -
::1 - - [10/Jan/2018:17:19:19 +0800] "GET /paper/js/lib/jquery-easyui-1.3.2/themes/default/images/layout_arrows.png HTTP/1.1" 304 -
::1 - - [10/Jan/2018:17:19:19 +0800] "GET /paper/js/lib/jquery-easyui-1.3.2/themes/default/images/blank.gif HTTP/1.1" 304 -
::1 - - [10/Jan/2018:17:19:19 +0800] "GET /paper/js/lib/jquery-easyui-1.3.2/themes/default/images/pagination_icons.png HTTP/1.1" 304 -
::1 - - [10/Jan/2018:17:19:19 +0800] "GET /paper/js/lib/jquery-easyui-1.3.2/themes/default/images/loading.gif HTTP/1.1" 304 -
::1 - - [10/Jan/2018:17:19:19 +0800] "GET /paper/js/lib/jquery-easyui-1.3.2/themes/default/images/panel_tools.png HTTP/1.1" 304 -
::1 - - [10/Jan/2018:17:19:19 +0800] "POST /paper/get_users.php HTTP/1.1" 200 152
::1 - - [10/Jan/2018:17:19:20 +0800] "GET /paper/index.php HTTP/1.1" 200 5421
::1 - - [10/Jan/2018:17:19:20 +0800] "GET /paper/js/lib/jquery-easyui-1.3.2/themes/default/easyui.css HTTP/1.1" 304 -
::1 - - [10/Jan/2018:17:19:20 +0800] "GET /paper/js/lib/jquery-easyui-1.3.2/themes/icon.css HTTP/1.1" 304 -
::1 - - [10/Jan/2018:17:19:20 +0800] "GET /paper/js/lib/jquery-easyui-1.3.2/demo/demo.css HTTP/1.1" 304 -
::1 - - [10/Jan/2018:17:19:20 +0800] "GET /paper/js/lib/jquery-easyui-1.3.2/jquery-1.8.0.min.js HTTP/1.1" 304 -
::1 - - [10/Jan/2018:17:19:20 +0800] "GET /paper/js/lib/jquery-easyui-1.3.2/jquery.easyui.min.js HTTP/1.1" 304 -
::1 - - [10/Jan/2018:17:19:20 +0800] "GET /paper/js/lib/jquery-easyui-1.3.2/themes/default/images/linkbutton_bg.png HTTP/1.1" 304 -
::1 - - [10/Jan/2018:17:19:20 +0800] "GET /paper/js/lib/jquery-easyui-1.3.2/themes/icons/edit_add.png HTTP/1.1" 304 -
::1 - - [10/Jan/2018:17:19:20 +0800] "GET /paper/js/lib/jquery-easyui-1.3.2/themes/default/images/linkbutton_bg.png HTTP/1.1" 304 -
::1 - - [10/Jan/2018:17:19:20 +0800] "GET /paper/js/lib/jquery-easyui-1.3.2/themes/icons/pencil.png HTTP/1.1" 304 -
::1 - - [10/Jan/2018:17:19:20 +0800] "GET /paper/js/lib/jquery-easyui-1.3.2/themes/default/images/linkbutton_bg.png HTTP/1.1" 304 -
::1 - - [10/Jan/2018:17:19:20 +0800] "GET /paper/js/lib/jquery-easyui-1.3.2/themes/icons/edit_remove.png HTTP/1.1" 304 -
::1 - - [10/Jan/2018:17:19:20 +0800] "GET /paper/js/lib/jquery-easyui-1.3.2/themes/default/images/linkbutton_bg.png HTTP/1.1" 304 -
::1 - - [10/Jan/2018:17:19:20 +0800] "GET /paper/js/lib/jquery-easyui-1.3.2/themes/icons/ok.png HTTP/1.1" 304 -
::1 - - [10/Jan/2018:17:19:20 +0800] "GET /paper/js/lib/jquery-easyui-1.3.2/themes/icons/cancel.png HTTP/1.1" 304 -
::1 - - [10/Jan/2018:17:19:20 +0800] "GET /paper/js/lib/jquery-easyui-1.3.2/themes/default/images/layout_arrows.png HTTP/1.1" 304 -
::1 - - [10/Jan/2018:17:19:20 +0800] "GET /paper/js/lib/jquery-easyui-1.3.2/themes/default/images/blank.gif HTTP/1.1" 304 -
::1 - - [10/Jan/2018:17:19:20 +0800] "GET /paper/js/lib/jquery-easyui-1.3.2/themes/default/images/pagination_icons.png HTTP/1.1" 304 -
::1 - - [10/Jan/2018:17:19:20 +0800] "GET /paper/js/lib/jquery-easyui-1.3.2/themes/default/images/loading.gif HTTP/1.1" 304 -
::1 - - [10/Jan/2018:17:19:20 +0800] "GET /paper/js/lib/jquery-easyui-1.3.2/themes/default/images/panel_tools.png HTTP/1.1" 304 -
::1 - - [10/Jan/2018:17:19:20 +0800] "POST /paper/get_users.php HTTP/1.1" 200 152
::1 - - [10/Jan/2018:17:19:33 +0800] "GET /paper/index.php HTTP/1.1" 200 5454
::1 - - [10/Jan/2018:17:19:33 +0800] "GET /paper/js/lib/jquery-easyui-1.3.2/themes/default/easyui.css HTTP/1.1" 304 -
::1 - - [10/Jan/2018:17:19:33 +0800] "GET /paper/js/lib/jquery-easyui-1.3.2/themes/icon.css HTTP/1.1" 304 -
::1 - - [10/Jan/2018:17:19:33 +0800] "GET /paper/js/lib/jquery-easyui-1.3.2/demo/demo.css HTTP/1.1" 304 -
::1 - - [10/Jan/2018:17:19:33 +0800] "GET /paper/js/lib/jquery-easyui-1.3.2/jquery-1.8.0.min.js HTTP/1.1" 304 -
::1 - - [10/Jan/2018:17:19:33 +0800] "GET /paper/js/lib/jquery-easyui-1.3.2/jquery.easyui.min.js HTTP/1.1" 304 -
::1 - - [10/Jan/2018:17:19:33 +0800] "GET /paper/js/lib/jquery-easyui-1.3.2/themes/default/images/linkbutton_bg.png HTTP/1.1" 304 -
::1 - - [10/Jan/2018:17:19:33 +0800] "GET /paper/js/lib/jquery-easyui-1.3.2/themes/icons/edit_add.png HTTP/1.1" 304 -
::1 - - [10/Jan/2018:17:19:33 +0800] "GET /paper/js/lib/jquery-easyui-1.3.2/themes/default/images/linkbutton_bg.png HTTP/1.1" 304 -
::1 - - [10/Jan/2018:17:19:33 +0800] "GET /paper/js/lib/jquery-easyui-1.3.2/themes/icons/pencil.png HTTP/1.1" 304 -
::1 - - [10/Jan/2018:17:19:33 +0800] "GET /paper/js/lib/jquery-easyui-1.3.2/themes/default/images/linkbutton_bg.png HTTP/1.1" 304 -
::1 - - [10/Jan/2018:17:19:33 +0800] "GET /paper/js/lib/jquery-easyui-1.3.2/themes/icons/edit_remove.png HTTP/1.1" 304 -
::1 - - [10/Jan/2018:17:19:33 +0800] "GET /paper/js/lib/jquery-easyui-1.3.2/themes/default/images/linkbutton_bg.png HTTP/1.1" 304 -
::1 - - [10/Jan/2018:17:19:33 +0800] "GET /paper/js/lib/jquery-easyui-1.3.2/themes/icons/ok.png HTTP/1.1" 304 -
::1 - - [10/Jan/2018:17:19:33 +0800] "GET /paper/js/lib/jquery-easyui-1.3.2/themes/icons/cancel.png HTTP/1.1" 304 -
::1 - - [10/Jan/2018:17:19:33 +0800] "GET /paper/js/lib/jquery-easyui-1.3.2/themes/default/images/layout_arrows.png HTTP/1.1" 304 -
::1 - - [10/Jan/2018:17:19:33 +0800] "GET /paper/js/lib/jquery-easyui-1.3.2/themes/default/images/blank.gif HTTP/1.1" 304 -
::1 - - [10/Jan/2018:17:19:33 +0800] "GET /paper/js/lib/jquery-easyui-1.3.2/themes/default/images/pagination_icons.png HTTP/1.1" 304 -
::1 - - [10/Jan/2018:17:19:33 +0800] "GET /paper/js/lib/jquery-easyui-1.3.2/themes/default/images/loading.gif HTTP/1.1" 304 -
::1 - - [10/Jan/2018:17:19:33 +0800] "GET /paper/js/lib/jquery-easyui-1.3.2/themes/default/images/panel_tools.png HTTP/1.1" 304 -
::1 - - [10/Jan/2018:17:19:33 +0800] "POST /paper/get_users.php HTTP/1.1" 200 152
::1 - - [10/Jan/2018:17:19:35 +0800] "GET /paper/index.php HTTP/1.1" 200 5454
::1 - - [10/Jan/2018:17:19:35 +0800] "POST /paper/get_users.php HTTP/1.1" 200 152
192.168.5.123 - - [10/Jan/2018:17:20:34 +0800] "GET / HTTP/1.1" 200 46
::1 - - [10/Jan/2018:17:21:08 +0800] "GET /paper/index.php HTTP/1.1" 200 5452
::1 - - [10/Jan/2018:17:21:09 +0800] "POST /paper/get_users.php HTTP/1.1" 200 152
::1 - - [10/Jan/2018:17:21:30 +0800] "GET /paper/index.php HTTP/1.1" 200 5456
::1 - - [10/Jan/2018:17:21:30 +0800] "POST /paper/get_users.php HTTP/1.1" 200 152
::1 - - [10/Jan/2018:17:21:54 +0800] "GET /paper/index.php HTTP/1.1" 200 5455
::1 - - [10/Jan/2018:17:21:54 +0800] "POST /paper/get_users.php HTTP/1.1" 200 152
::1 - - [10/Jan/2018:17:23:34 +0800] "GET /paper/index.php HTTP/1.1" 200 5421
::1 - - [10/Jan/2018:17:23:34 +0800] "POST /paper/get_users.php HTTP/1.1" 200 152
::1 - - [10/Jan/2018:17:25:29 +0800] "GET /paper/index.php HTTP/1.1" 200 5427
::1 - - [10/Jan/2018:17:25:29 +0800] "POST /paper/get_users.php HTTP/1.1" 200 152
::1 - - [10/Jan/2018:17:25:29 +0800] "GET /paper/index.php HTTP/1.1" 200 5427
::1 - - [10/Jan/2018:17:25:29 +0800] "POST /paper/get_users.php HTTP/1.1" 200 152
::1 - - [10/Jan/2018:17:25:30 +0800] "GET /paper/index.php HTTP/1.1" 200 5427
::1 - - [10/Jan/2018:17:25:30 +0800] "POST /paper/get_users.php HTTP/1.1" 200 152
::1 - - [10/Jan/2018:17:35:27 +0800] "GET /paper/index.php HTTP/1.1" 200 5449
::1 - - [10/Jan/2018:17:35:28 +0800] "POST /paper/get_users.php HTTP/1.1" 200 152
::1 - - [10/Jan/2018:17:35:29 +0800] "GET /paper/index.php HTTP/1.1" 200 5449
::1 - - [10/Jan/2018:17:35:29 +0800] "POST /paper/get_users.php HTTP/1.1" 200 152
::1 - - [10/Jan/2018:17:35:29 +0800] "GET /paper/index.php HTTP/1.1" 200 5449
::1 - - [10/Jan/2018:17:35:30 +0800] "POST /paper/get_users.php HTTP/1.1" 200 152
::1 - - [10/Jan/2018:17:35:30 +0800] "GET /paper/index.php HTTP/1.1" 200 5449
::1 - - [10/Jan/2018:17:35:30 +0800] "POST /paper/get_users.php HTTP/1.1" 200 152
::1 - - [10/Jan/2018:17:35:40 +0800] "GET /paper/index.php HTTP/1.1" 200 5449
::1 - - [10/Jan/2018:17:35:40 +0800] "GET /paper/js/lib/jquery-easyui-1.3.2/themes/default/easyui.css HTTP/1.1" 200 44396
::1 - - [10/Jan/2018:17:35:40 +0800] "GET /paper/js/lib/jquery-easyui-1.3.2/themes/icon.css HTTP/1.1" 200 1650
::1 - - [10/Jan/2018:17:35:40 +0800] "GET /paper/js/lib/jquery-easyui-1.3.2/jquery-1.8.0.min.js HTTP/1.1" 200 92556
::1 - - [10/Jan/2018:17:35:40 +0800] "GET /paper/js/lib/jquery-easyui-1.3.2/jquery.easyui.min.js HTTP/1.1" 200 296791
::1 - - [10/Jan/2018:17:35:40 +0800] "GET /paper/js/lib/jquery-easyui-1.3.2/themes/icons/pencil.png HTTP/1.1" 200 713
::1 - - [10/Jan/2018:17:35:40 +0800] "GET /paper/js/lib/jquery-easyui-1.3.2/themes/default/images/blank.gif HTTP/1.1" 200 43
::1 - - [10/Jan/2018:17:35:40 +0800] "GET /paper/js/lib/jquery-easyui-1.3.2/themes/default/images/layout_arrows.png HTTP/1.1" 200 319
::1 - - [10/Jan/2018:17:35:40 +0800] "GET /paper/js/lib/jquery-easyui-1.3.2/themes/default/images/linkbutton_bg.png HTTP/1.1" 200 1274
::1 - - [10/Jan/2018:17:35:40 +0800] "GET /paper/js/lib/jquery-easyui-1.3.2/themes/default/images/pagination_icons.png HTTP/1.1" 200 651
::1 - - [10/Jan/2018:17:35:40 +0800] "GET /paper/js/lib/jquery-easyui-1.3.2/themes/icons/cancel.png HTTP/1.1" 200 1133
::1 - - [10/Jan/2018:17:35:40 +0800] "GET /paper/js/lib/jquery-easyui-1.3.2/themes/icons/edit_add.png HTTP/1.1" 200 1088
::1 - - [10/Jan/2018:17:35:40 +0800] "GET /paper/js/lib/jquery-easyui-1.3.2/themes/icons/edit_remove.png HTTP/1.1" 200 625
::1 - - [10/Jan/2018:17:35:40 +0800] "GET /paper/js/lib/jquery-easyui-1.3.2/themes/icons/ok.png HTTP/1.1" 200 883
::1 - - [10/Jan/2018:17:35:40 +0800] "GET /paper/js/lib/jquery-easyui-1.3.2/themes/default/images/loading.gif HTTP/1.1" 200 1737
::1 - - [10/Jan/2018:17:35:40 +0800] "POST /paper/get_users.php HTTP/1.1" 200 152
::1 - - [10/Jan/2018:17:35:40 +0800] "GET /paper/js/lib/jquery-easyui-1.3.2/themes/default/images/panel_tools.png HTTP/1.1" 200 852
::1 - - [10/Jan/2018:17:36:30 +0800] "GET /paper/index.php HTTP/1.1" 200 5451
::1 - - [10/Jan/2018:17:36:30 +0800] "POST /paper/get_users.php HTTP/1.1" 200 152
::1 - - [10/Jan/2018:17:36:31 +0800] "GET /paper/index.php HTTP/1.1" 200 5451
::1 - - [10/Jan/2018:17:36:31 +0800] "POST /paper/get_users.php HTTP/1.1" 200 152
::1 - - [10/Jan/2018:17:37:01 +0800] "GET /paper/index.php HTTP/1.1" 200 5452
::1 - - [10/Jan/2018:17:37:01 +0800] "POST /paper/get_users.php HTTP/1.1" 200 152
::1 - - [10/Jan/2018:17:47:33 +0800] "GET /paper/index.php HTTP/1.1" 200 5397
::1 - - [10/Jan/2018:17:47:34 +0800] "POST /paper/get_users.php HTTP/1.1" 200 152
::1 - - [10/Jan/2018:17:51:54 +0800] "GET /paper/index.php HTTP/1.1" 200 5403
::1 - - [10/Jan/2018:17:51:54 +0800] "POST /paper/get_users.php HTTP/1.1" 200 152
::1 - - [10/Jan/2018:17:52:00 +0800] "GET /paper/index.php HTTP/1.1" 200 5386
::1 - - [10/Jan/2018:17:52:00 +0800] "POST /paper/get_users.php HTTP/1.1" 200 152
::1 - - [10/Jan/2018:17:52:21 +0800] "GET /paper/index.php HTTP/1.1" 200 5384
::1 - - [10/Jan/2018:17:52:22 +0800] "POST /paper/get_users.php HTTP/1.1" 200 152
::1 - - [10/Jan/2018:17:52:32 +0800] "GET /paper/index.php HTTP/1.1" 200 5385
::1 - - [10/Jan/2018:17:52:32 +0800] "POST /paper/get_users.php HTTP/1.1" 200 152
::1 - - [10/Jan/2018:17:52:33 +0800] "GET /paper/index.php HTTP/1.1" 200 5385
::1 - - [10/Jan/2018:17:52:33 +0800] "POST /paper/get_users.php HTTP/1.1" 200 152
::1 - - [10/Jan/2018:17:52:47 +0800] "GET /paper/index.php HTTP/1.1" 200 5386
::1 - - [10/Jan/2018:17:52:47 +0800] "POST /paper/get_users.php HTTP/1.1" 200 152
::1 - - [10/Jan/2018:17:55:30 +0800] "GET /paper/index.php HTTP/1.1" 200 5398
::1 - - [10/Jan/2018:17:55:30 +0800] "POST /paper/get_users.php HTTP/1.1" 200 152
::1 - - [10/Jan/2018:17:55:41 +0800] "GET /paper/index.php HTTP/1.1" 200 5397
::1 - - [10/Jan/2018:17:55:41 +0800] "POST /paper/get_users.php HTTP/1.1" 200 152
::1 - - [10/Jan/2018:17:55:49 +0800] "GET /paper/index.php HTTP/1.1" 200 5384
::1 - - [10/Jan/2018:17:55:49 +0800] "POST /paper/get_users.php HTTP/1.1" 200 152
::1 - - [10/Jan/2018:17:55:49 +0800] "GET /paper/index.php HTTP/1.1" 200 5384
::1 - - [10/Jan/2018:17:55:49 +0800] "POST /paper/get_users.php HTTP/1.1" 200 152
::1 - - [10/Jan/2018:17:57:40 +0800] "GET /paper/index.php HTTP/1.1" 200 5408
::1 - - [10/Jan/2018:17:57:40 +0800] "POST /paper/get_users.php HTTP/1.1" 200 152
::1 - - [10/Jan/2018:17:57:43 +0800] "GET /paper/index.php HTTP/1.1" 200 5408
::1 - - [10/Jan/2018:17:57:43 +0800] "POST /paper/get_users.php HTTP/1.1" 200 152
::1 - - [10/Jan/2018:17:57:43 +0800] "GET /paper/index.php HTTP/1.1" 200 5408
::1 - - [10/Jan/2018:17:57:44 +0800] "POST /paper/get_users.php HTTP/1.1" 200 152
::1 - - [10/Jan/2018:17:58:06 +0800] "GET /paper/index.php HTTP/1.1" 200 5371
::1 - - [10/Jan/2018:17:58:06 +0800] "POST /paper/get_users.php HTTP/1.1" 200 152
::1 - - [10/Jan/2018:17:58:51 +0800] "GET /paper/index.php HTTP/1.1" 200 5395
::1 - - [10/Jan/2018:17:58:51 +0800] "POST /paper/get_users.php HTTP/1.1" 200 152
::1 - - [10/Jan/2018:17:59:03 +0800] "GET /paper/index.php HTTP/1.1" 200 5372
::1 - - [10/Jan/2018:17:59:03 +0800] "POST /paper/get_users.php HTTP/1.1" 200 152
::1 - - [10/Jan/2018:17:59:19 +0800] "GET /paper/index.php HTTP/1.1" 200 5395
::1 - - [10/Jan/2018:17:59:19 +0800] "POST /paper/get_users.php HTTP/1.1" 200 152
::1 - - [10/Jan/2018:17:59:41 +0800] "GET /paper/index.php HTTP/1.1" 200 5372
::1 - - [10/Jan/2018:17:59:41 +0800] "POST /paper/get_users.php HTTP/1.1" 200 152
::1 - - [10/Jan/2018:18:00:06 +0800] "GET /paper/index.php HTTP/1.1" 200 5348
::1 - - [10/Jan/2018:18:00:07 +0800] "POST /paper/get_users.php HTTP/1.1" 200 152
::1 - - [10/Jan/2018:18:00:08 +0800] "GET /paper/index.php HTTP/1.1" 200 5348
::1 - - [10/Jan/2018:18:00:08 +0800] "POST /paper/get_users.php HTTP/1.1" 200 152
::1 - - [10/Jan/2018:18:00:20 +0800] "GET /paper/index.php HTTP/1.1" 200 5368
::1 - - [10/Jan/2018:18:00:21 +0800] "POST /paper/get_users.php HTTP/1.1" 200 152
::1 - - [10/Jan/2018:18:00:32 +0800] "GET /paper/index.php HTTP/1.1" 200 5380
::1 - - [10/Jan/2018:18:00:32 +0800] "POST /paper/get_users.php HTTP/1.1" 200 152
::1 - - [10/Jan/2018:18:00:37 +0800] "GET /paper/index.php HTTP/1.1" 200 5380
::1 - - [10/Jan/2018:18:00:38 +0800] "POST /paper/get_users.php HTTP/1.1" 200 152
::1 - - [10/Jan/2018:18:02:46 +0800] "GET /paper/index.php HTTP/1.1" 200 5390
::1 - - [10/Jan/2018:18:02:46 +0800] "POST /paper/get_users.php HTTP/1.1" 200 152
::1 - - [10/Jan/2018:18:04:20 +0800] "GET /paper/index.php HTTP/1.1" 200 5384
::1 - - [10/Jan/2018:18:04:20 +0800] "POST /paper/get_users.php HTTP/1.1" 200 152
::1 - - [10/Jan/2018:18:04:29 +0800] "GET /paper/index.php HTTP/1.1" 200 5377
::1 - - [10/Jan/2018:18:04:29 +0800] "POST /paper/get_users.php HTTP/1.1" 200 152
::1 - - [10/Jan/2018:18:04:30 +0800] "GET /paper/index.php HTTP/1.1" 200 5377
::1 - - [10/Jan/2018:18:04:30 +0800] "POST /paper/get_users.php HTTP/1.1" 200 152
::1 - - [10/Jan/2018:18:04:39 +0800] "GET /paper/index.php HTTP/1.1" 200 5381
::1 - - [10/Jan/2018:18:04:39 +0800] "POST /paper/get_users.php HTTP/1.1" 200 152
::1 - - [10/Jan/2018:18:05:35 +0800] "GET /paper/index.php HTTP/1.1" 200 5394
::1 - - [10/Jan/2018:18:05:35 +0800] "POST /paper/get_users.php HTTP/1.1" 200 152
::1 - - [10/Jan/2018:18:05:50 +0800] "GET /paper/index.php HTTP/1.1" 200 5395
::1 - - [10/Jan/2018:18:05:51 +0800] "POST /paper/get_users.php HTTP/1.1" 200 152
::1 - - [10/Jan/2018:18:05:58 +0800] "GET /paper/index.php HTTP/1.1" 200 5395
::1 - - [10/Jan/2018:18:05:59 +0800] "POST /paper/get_users.php HTTP/1.1" 200 152
::1 - - [10/Jan/2018:18:06:39 +0800] "GET /paper/index.php HTTP/1.1" 200 5404
::1 - - [10/Jan/2018:18:06:39 +0800] "POST /paper/get_users.php HTTP/1.1" 200 152
::1 - - [10/Jan/2018:18:07:34 +0800] "GET /paper/index.php HTTP/1.1" 200 5138
::1 - - [10/Jan/2018:18:07:34 +0800] "POST /paper/get_users.php HTTP/1.1" 200 152
127.0.0.1 - - [10/Jan/2018:18:12:56 +0800] "GET /paper/index.php?XDEBUG_SESSION_STOP_NO_EXEC=ECLIPSE_DBGP&KEY=15155754669561 HTTP/1.1" 200 19
::1 - - [10/Jan/2018:18:41:13 +0800] "GET /paper HTTP/1.1" 301 231
::1 - - [10/Jan/2018:18:41:13 +0800] "GET /paper/ HTTP/1.1" 200 1096
::1 - - [10/Jan/2018:18:41:13 +0800] "GET /favicon.ico HTTP/1.1" 404 209
::1 - - [10/Jan/2018:18:41:15 +0800] "GET /paper/index.php HTTP/1.1" 200 6176
::1 - - [10/Jan/2018:18:41:15 +0800] "GET /paper/login.php HTTP/1.1" 200 4632
::1 - - [10/Jan/2018:18:41:15 +0800] "GET /paper/js/lib/jquery-easyui-1.3.2/themes/default/images/combo_arrow.png HTTP/1.1" 200 117
::1 - - [10/Jan/2018:18:41:18 +0800] "POST /paper/sign_in.php HTTP/1.1" 200 16
::1 - - [10/Jan/2018:18:41:18 +0800] "GET /paper/index.php HTTP/1.1" 200 5138
::1 - - [10/Jan/2018:18:41:18 +0800] "POST /paper/get_users.php HTTP/1.1" 200 152
